[2026-05-21 15:59:17] Logged in as TunTun#6131
[2026-05-21 15:59:17] ==================================================
[2026-05-21 15:59:17] SERVER: Diddy gng
[2026-05-21 15:59:17] ==================================================
[2026-05-21 15:59:17] Exporting #color-role
[2026-05-21 15:59:18] Saved data\discord_exports\Diddy gng\color-role_2026-05-04.json
[2026-05-21 15:59:18] Exporting #☕•tea•
[2026-05-21 16:00:12] Saved data\discord_exports\Diddy gng\☕•tea•_2026-04-07.json
[2026-05-21 16:00:12] Saved data\discord_exports\Diddy gng\☕•tea•_2026-04-08.json
[2026-05-21 16:00:12] Saved data\discord_exports\Diddy gng\☕•tea•_2026-04-09.json
[2026-05-21 16:00:12] Saved data\discord_exports\Diddy gng\☕•tea•_2026-04-10.json
[2026-05-21 16:00:12] Saved data\discord_exports\Diddy gng\☕•tea•_2026-04-11.json
[2026-05-21 16:00:12] Saved data\discord_exports\Diddy gng\☕•tea•_2026-04-12.json
[2026-05-21 16:00:12] Saved data\discord_exports\Diddy gng\☕•tea•_2026-04-13.json
[2026-05-21 16:00:12] Saved data\discord_exports\Diddy gng\☕•tea•_2026-04-14.json
[2026-05-21 16:00:12] Saved data\discord_exports\Diddy gng\☕•tea•_2026-04-15.json
[2026-05-21 16:00:12] Saved data\discord_exports\Diddy gng\☕•tea•_2026-04-16.json
[2026-05-21 16:00:12] Saved data\discord_exports\Diddy gng\☕•tea•_2026-04-17.json
[2026-05-21 16:00:12] Saved data\discord_exports\Diddy gng\☕•tea•_2026-04-18.json
[2026-05-21 16:00:12] Saved data\discord_exports\Diddy gng\☕•tea•_2026-04-19.json
[2026-05-21 16:00:12] Saved data\discord_exports\Diddy gng\☕•tea•_2026-04-20.json
[2026-05-21 16:00:12] Saved data\discord_exports\Diddy gng\☕•tea•_2026-04-21.json
[2026-05-21 16:00:12] Saved data\discord_exports\Diddy gng\☕•tea•_2026-04-22.json
[2026-05-21 16:00:12] Saved data\discord_exports\Diddy gng\☕•tea•_2026-04-24.json
[2026-05-21 16:00:12] Saved data\discord_exports\Diddy gng\☕•tea•_2026-04-28.json
[2026-05-21 16:00:12] Saved data\discord_exports\Diddy gng\☕•tea•_2026-04-29.json
[2026-05-21 16:00:12] Saved data\discord_exports\Diddy gng\☕•tea•_2026-05-01.json
[2026-05-21 16:00:12] Saved data\discord_exports\Diddy gng\☕•tea•_2026-05-02.json
[2026-05-21 16:00:12] Saved data\discord_exports\Diddy gng\☕•tea•_2026-05-03.json
[2026-05-21 16:00:12] Saved data\discord_exports\Diddy gng\☕•tea•_2026-05-04.json
[2026-05-21 16:00:12] Saved data\discord_exports\Diddy gng\☕•tea•_2026-05-05.json
[2026-05-21 16:00:12] Saved data\discord_exports\Diddy gng\☕•tea•_2026-05-06.json
[2026-05-21 16:00:12] Saved data\discord_exports\Diddy gng\☕•tea•_2026-05-07.json
[2026-05-21 16:00:12] Saved data\discord_exports\Diddy gng\☕•tea•_2026-05-08.json
[2026-05-21 16:00:12] Saved data\discord_exports\Diddy gng\☕•tea•_2026-05-09.json
[2026-05-21 16:00:12] Saved data\discord_exports\Diddy gng\☕•tea•_2026-05-11.json
[2026-05-21 16:00:12] Saved data\discord_exports\Diddy gng\☕•tea•_2026-05-12.json
[2026-05-21 16:00:12] Saved data\discord_exports\Diddy gng\☕•tea•_2026-05-13.json
[2026-05-21 16:00:12] Saved data\discord_exports\Diddy gng\☕•tea•_2026-05-14.json
[2026-05-21 16:00:12] Saved data\discord_exports\Diddy gng\☕•tea•_2026-05-15.json
[2026-05-21 16:00:12] Saved data\discord_exports\Diddy gng\☕•tea•_2026-05-21.json
[2026-05-21 16:00:12] Exporting #🎮🎲•play-time•🎲🎮
[2026-05-21 16:00:13] Saved data\discord_exports\Diddy gng\🎮🎲•play-time•🎲🎮_2026-04-08.json
[2026-05-21 16:00:13] Saved data\discord_exports\Diddy gng\🎮🎲•play-time•🎲🎮_2026-04-12.json
[2026-05-21 16:00:13] Saved data\discord_exports\Diddy gng\🎮🎲•play-time•🎲🎮_2026-04-14.json
[2026-05-21 16:00:13] Saved data\discord_exports\Diddy gng\🎮🎲•play-time•🎲🎮_2026-05-06.json
[2026-05-21 16:00:13] Saved data\discord_exports\Diddy gng\🎮🎲•play-time•🎲🎮_2026-05-07.json
[2026-05-21 16:00:13] Exporting #•jam•🎵
[2026-05-21 16:00:14] Saved data\discord_exports\Diddy gng\•jam•🎵_2026-04-07.json
[2026-05-21 16:00:14] Saved data\discord_exports\Diddy gng\•jam•🎵_2026-04-22.json
[2026-05-21 16:00:14] Saved data\discord_exports\Diddy gng\•jam•🎵_2026-04-26.json
[2026-05-21 16:00:14] Saved data\discord_exports\Diddy gng\•jam•🎵_2026-05-04.json
[2026-05-21 16:00:14] Saved data\discord_exports\Diddy gng\•jam•🎵_2026-05-06.json
[2026-05-21 16:00:14] Exporting #•bot•
[2026-05-21 16:00:16] Saved data\discord_exports\Diddy gng\•bot•_2026-04-15.json
[2026-05-21 16:00:16] Saved data\discord_exports\Diddy gng\•bot•_2026-04-16.json
[2026-05-21 16:00:16] Saved data\discord_exports\Diddy gng\•bot•_2026-05-02.json
[2026-05-21 16:00:16] Saved data\discord_exports\Diddy gng\•bot•_2026-05-03.json
[2026-05-21 16:00:16] Saved data\discord_exports\Diddy gng\•bot•_2026-05-04.json
[2026-05-21 16:00:16] DONE
[2026-05-21 16:28:50] Logged in as TunTun#6131
[2026-05-21 16:28:50] ==================================================
[2026-05-21 16:28:50] SERVER: Diddy gng
[2026-05-21 16:28:50] ==================================================
[2026-05-21 16:28:50] Exporting #color-role
[2026-05-21 16:28:51] Saved ..\data\discord_exports\Diddy gng\color-role_2026-05-04.json
[2026-05-21 16:28:51] Exporting #☕•tea•
[2026-05-21 16:29:40] Saved ..\data\discord_exports\Diddy gng\☕•tea•_2026-04-07.json
[2026-05-21 16:29:40] Saved ..\data\discord_exports\Diddy gng\☕•tea•_2026-04-08.json
[2026-05-21 16:29:40] Saved ..\data\discord_exports\Diddy gng\☕•tea•_2026-04-09.json
[2026-05-21 16:29:40] Saved ..\data\discord_exports\Diddy gng\☕•tea•_2026-04-10.json
[2026-05-21 16:29:40] Saved ..\data\discord_exports\Diddy gng\☕•tea•_2026-04-11.json
[2026-05-21 16:29:40] Saved ..\data\discord_exports\Diddy gng\☕•tea•_2026-04-12.json
[2026-05-21 16:29:40] Saved ..\data\discord_exports\Diddy gng\☕•tea•_2026-04-13.json
[2026-05-21 16:29:40] Saved ..\data\discord_exports\Diddy gng\☕•tea•_2026-04-14.json
[2026-05-21 16:29:40] Saved ..\data\discord_exports\Diddy gng\☕•tea•_2026-04-15.json
[2026-05-21 16:29:40] Saved ..\data\discord_exports\Diddy gng\☕•tea•_2026-04-16.json
[2026-05-21 16:29:40] Saved ..\data\discord_exports\Diddy gng\☕•tea•_2026-04-17.json
[2026-05-21 16:29:40] Saved ..\data\discord_exports\Diddy gng\☕•tea•_2026-04-18.json
[2026-05-21 16:29:40] Saved ..\data\discord_exports\Diddy gng\☕•tea•_2026-04-19.json
[2026-05-21 16:29:40] Saved ..\data\discord_exports\Diddy gng\☕•tea•_2026-04-20.json
[2026-05-21 16:29:40] Saved ..\data\discord_exports\Diddy gng\☕•tea•_2026-04-21.json
[2026-05-21 16:29:40] Saved ..\data\discord_exports\Diddy gng\☕•tea•_2026-04-22.json
[2026-05-21 16:29:40] Saved ..\data\discord_exports\Diddy gng\☕•tea•_2026-04-24.json
[2026-05-21 16:29:40] Saved ..\data\discord_exports\Diddy gng\☕•tea•_2026-04-28.json
[2026-05-21 16:29:40] Saved ..\data\discord_exports\Diddy gng\☕•tea•_2026-04-29.json
[2026-05-21 16:29:40] Saved ..\data\discord_exports\Diddy gng\☕•tea•_2026-05-01.json
[2026-05-21 16:29:40] Saved ..\data\discord_exports\Diddy gng\☕•tea•_2026-05-02.json
[2026-05-21 16:29:40] Saved ..\data\discord_exports\Diddy gng\☕•tea•_2026-05-03.json
[2026-05-21 16:29:40] Saved ..\data\discord_exports\Diddy gng\☕•tea•_2026-05-04.json
[2026-05-21 16:29:40] Saved ..\data\discord_exports\Diddy gng\☕•tea•_2026-05-05.json
[2026-05-21 16:29:40] Saved ..\data\discord_exports\Diddy gng\☕•tea•_2026-05-06.json
[2026-05-21 16:29:40] Saved ..\data\discord_exports\Diddy gng\☕•tea•_2026-05-07.json
[2026-05-21 16:29:40] Saved ..\data\discord_exports\Diddy gng\☕•tea•_2026-05-08.json
[2026-05-21 16:29:40] Saved ..\data\discord_exports\Diddy gng\☕•tea•_2026-05-09.json
[2026-05-21 16:29:40] Saved ..\data\discord_exports\Diddy gng\☕•tea•_2026-05-11.json
[2026-05-21 16:29:40] Saved ..\data\discord_exports\Diddy gng\☕•tea•_2026-05-12.json
[2026-05-21 16:29:40] Saved ..\data\discord_exports\Diddy gng\☕•tea•_2026-05-13.json
[2026-05-21 16:29:40] Saved ..\data\discord_exports\Diddy gng\☕•tea•_2026-05-14.json
[2026-05-21 16:29:40] Saved ..\data\discord_exports\Diddy gng\☕•tea•_2026-05-15.json
[2026-05-21 16:29:40] Saved ..\data\discord_exports\Diddy gng\☕•tea•_2026-05-21.json
[2026-05-21 16:29:40] Exporting #🎮🎲•play-time•🎲🎮
[2026-05-21 16:29:41] Saved ..\data\discord_exports\Diddy gng\🎮🎲•play-time•🎲🎮_2026-04-08.json
[2026-05-21 16:29:41] Saved ..\data\discord_exports\Diddy gng\🎮🎲•play-time•🎲🎮_2026-04-12.json
[2026-05-21 16:29:41] Saved ..\data\discord_exports\Diddy gng\🎮🎲•play-time•🎲🎮_2026-04-14.json
[2026-05-21 16:29:41] Saved ..\data\discord_exports\Diddy gng\🎮🎲•play-time•🎲🎮_2026-05-06.json
[2026-05-21 16:29:41] Saved ..\data\discord_exports\Diddy gng\🎮🎲•play-time•🎲🎮_2026-05-07.json
[2026-05-21 16:29:41] Exporting #•jam•🎵
[2026-05-21 16:29:41] Saved ..\data\discord_exports\Diddy gng\•jam•🎵_2026-04-07.json
[2026-05-21 16:29:41] Saved ..\data\discord_exports\Diddy gng\•jam•🎵_2026-04-22.json
[2026-05-21 16:29:41] Saved ..\data\discord_exports\Diddy gng\•jam•🎵_2026-04-26.json
[2026-05-21 16:29:41] Saved ..\data\discord_exports\Diddy gng\•jam•🎵_2026-05-04.json
[2026-05-21 16:29:41] Saved ..\data\discord_exports\Diddy gng\•jam•🎵_2026-05-06.json
[2026-05-21 16:29:41] Exporting #•bot•
[2026-05-21 16:29:43] Saved ..\data\discord_exports\Diddy gng\•bot•_2026-04-15.json
[2026-05-21 16:29:43] Saved ..\data\discord_exports\Diddy gng\•bot•_2026-04-16.json
[2026-05-21 16:29:43] Saved ..\data\discord_exports\Diddy gng\•bot•_2026-05-02.json
[2026-05-21 16:29:43] Saved ..\data\discord_exports\Diddy gng\•bot•_2026-05-03.json
[2026-05-21 16:29:43] Saved ..\data\discord_exports\Diddy gng\•bot•_2026-05-04.json
[2026-05-21 16:29:43] DONE
[2026-05-21 20:12:27] Logged in as TunTun#6131
[2026-05-21 20:12:27] ==================================================
[2026-05-21 20:12:27] SERVER: Diddy gng
[2026-05-21 20:12:27] ==================================================
[2026-05-21 20:12:27] Exporting #color-role
[2026-05-21 20:12:27] Saved ..\data\discord_exports\1490962140805468171\color-role_2026-05-04.json
[2026-05-21 20:12:27] Exporting #☕•tea•
[2026-05-21 20:13:17] Saved ..\data\discord_exports\1490962140805468171\☕•tea•_2026-04-07.json
[2026-05-21 20:13:17] Saved ..\data\discord_exports\1490962140805468171\☕•tea•_2026-04-08.json
[2026-05-21 20:13:17] Saved ..\data\discord_exports\1490962140805468171\☕•tea•_2026-04-09.json
[2026-05-21 20:13:17] Saved ..\data\discord_exports\1490962140805468171\☕•tea•_2026-04-10.json
[2026-05-21 20:13:17] Saved ..\data\discord_exports\1490962140805468171\☕•tea•_2026-04-11.json
[2026-05-21 20:13:17] Saved ..\data\discord_exports\1490962140805468171\☕•tea•_2026-04-12.json
[2026-05-21 20:13:17] Saved ..\data\discord_exports\1490962140805468171\☕•tea•_2026-04-13.json
[2026-05-21 20:13:17] Saved ..\data\discord_exports\1490962140805468171\☕•tea•_2026-04-14.json
[2026-05-21 20:13:17] Saved ..\data\discord_exports\1490962140805468171\☕•tea•_2026-04-15.json
[2026-05-21 20:13:17] Saved ..\data\discord_exports\1490962140805468171\☕•tea•_2026-04-16.json
[2026-05-21 20:13:17] Saved ..\data\discord_exports\1490962140805468171\☕•tea•_2026-04-17.json
[2026-05-21 20:13:17] Saved ..\data\discord_exports\1490962140805468171\☕•tea•_2026-04-18.json
[2026-05-21 20:13:17] Saved ..\data\discord_exports\1490962140805468171\☕•tea•_2026-04-19.json
[2026-05-21 20:13:17] Saved ..\data\discord_exports\1490962140805468171\☕•tea•_2026-04-20.json
[2026-05-21 20:13:17] Saved ..\data\discord_exports\1490962140805468171\☕•tea•_2026-04-21.json
[2026-05-21 20:13:17] Saved ..\data\discord_exports\1490962140805468171\☕•tea•_2026-04-22.json
[2026-05-21 20:13:17] Saved ..\data\discord_exports\1490962140805468171\☕•tea•_2026-04-24.json
[2026-05-21 20:13:17] Saved ..\data\discord_exports\1490962140805468171\☕•tea•_2026-04-28.json
[2026-05-21 20:13:17] Saved ..\data\discord_exports\1490962140805468171\☕•tea•_2026-04-29.json
[2026-05-21 20:13:17] Saved ..\data\discord_exports\1490962140805468171\☕•tea•_2026-05-01.json
[2026-05-21 20:13:17] Saved ..\data\discord_exports\1490962140805468171\☕•tea•_2026-05-02.json
[2026-05-21 20:13:17] Saved ..\data\discord_exports\1490962140805468171\☕•tea•_2026-05-03.json
[2026-05-21 20:13:17] Saved ..\data\discord_exports\1490962140805468171\☕•tea•_2026-05-04.json
[2026-05-21 20:13:17] Saved ..\data\discord_exports\1490962140805468171\☕•tea•_2026-05-05.json
[2026-05-21 20:13:17] Saved ..\data\discord_exports\1490962140805468171\☕•tea•_2026-05-06.json
[2026-05-21 20:13:17] Saved ..\data\discord_exports\1490962140805468171\☕•tea•_2026-05-07.json
[2026-05-21 20:13:17] Saved ..\data\discord_exports\1490962140805468171\☕•tea•_2026-05-08.json
[2026-05-21 20:13:17] Saved ..\data\discord_exports\1490962140805468171\☕•tea•_2026-05-09.json
[2026-05-21 20:13:17] Saved ..\data\discord_exports\1490962140805468171\☕•tea•_2026-05-11.json
[2026-05-21 20:13:17] Saved ..\data\discord_exports\1490962140805468171\☕•tea•_2026-05-12.json
[2026-05-21 20:13:17] Saved ..\data\discord_exports\1490962140805468171\☕•tea•_2026-05-13.json
[2026-05-21 20:13:17] Saved ..\data\discord_exports\1490962140805468171\☕•tea•_2026-05-14.json
[2026-05-21 20:13:17] Saved ..\data\discord_exports\1490962140805468171\☕•tea•_2026-05-15.json
[2026-05-21 20:13:17] Saved ..\data\discord_exports\1490962140805468171\☕•tea•_2026-05-21.json
[2026-05-21 20:13:17] Exporting #🎮🎲•play-time•🎲🎮
[2026-05-21 20:13:18] Saved ..\data\discord_exports\1490962140805468171\🎮🎲•play-time•🎲🎮_2026-04-08.json
[2026-05-21 20:13:18] Saved ..\data\discord_exports\1490962140805468171\🎮🎲•play-time•🎲🎮_2026-04-12.json
[2026-05-21 20:13:18] Saved ..\data\discord_exports\1490962140805468171\🎮🎲•play-time•🎲🎮_2026-04-14.json
[2026-05-21 20:13:18] Saved ..\data\discord_exports\1490962140805468171\🎮🎲•play-time•🎲🎮_2026-05-06.json
[2026-05-21 20:13:18] Saved ..\data\discord_exports\1490962140805468171\🎮🎲•play-time•🎲🎮_2026-05-07.json
[2026-05-21 20:13:18] Exporting #•jam•🎵
[2026-05-21 20:13:18] Saved ..\data\discord_exports\1490962140805468171\•jam•🎵_2026-04-07.json
[2026-05-21 20:13:18] Saved ..\data\discord_exports\1490962140805468171\•jam•🎵_2026-04-22.json
[2026-05-21 20:13:18] Saved ..\data\discord_exports\1490962140805468171\•jam•🎵_2026-04-26.json
[2026-05-21 20:13:18] Saved ..\data\discord_exports\1490962140805468171\•jam•🎵_2026-05-04.json
[2026-05-21 20:13:18] Saved ..\data\discord_exports\1490962140805468171\•jam•🎵_2026-05-06.json
[2026-05-21 20:13:18] Exporting #•bot•
[2026-05-21 20:13:21] Saved ..\data\discord_exports\1490962140805468171\•bot•_2026-04-15.json
[2026-05-21 20:13:21] Saved ..\data\discord_exports\1490962140805468171\•bot•_2026-04-16.json
[2026-05-21 20:13:21] Saved ..\data\discord_exports\1490962140805468171\•bot•_2026-05-02.json
[2026-05-21 20:13:21] Saved ..\data\discord_exports\1490962140805468171\•bot•_2026-05-03.json
[2026-05-21 20:13:21] Saved ..\data\discord_exports\1490962140805468171\•bot•_2026-05-04.json
[2026-05-21 20:13:21] DONE
[2026-05-22 03:00:08] Logged in as TunTun#6131
[2026-05-22 03:00:08] ==================================================
[2026-05-22 03:00:08] SERVER: Diddy gng
[2026-05-22 03:00:08] ==================================================
[2026-05-22 03:00:08] Exporting #color-role
[2026-05-22 03:00:08] Skipping ..\data\discord_exports\1490962140805468171\color-role_2026-05-04.json
[2026-05-22 03:00:08] Exporting #☕•tea•
[2026-05-22 03:00:59] Skipping ..\data\discord_exports\1490962140805468171\☕•tea•_2026-04-07.json
[2026-05-22 03:00:59] Skipping ..\data\discord_exports\1490962140805468171\☕•tea•_2026-04-08.json
[2026-05-22 03:00:59] Skipping ..\data\discord_exports\1490962140805468171\☕•tea•_2026-04-09.json
[2026-05-22 03:00:59] Skipping ..\data\discord_exports\1490962140805468171\☕•tea•_2026-04-10.json
[2026-05-22 03:00:59] Skipping ..\data\discord_exports\1490962140805468171\☕•tea•_2026-04-11.json
[2026-05-22 03:00:59] Skipping ..\data\discord_exports\1490962140805468171\☕•tea•_2026-04-12.json
[2026-05-22 03:00:59] Skipping ..\data\discord_exports\1490962140805468171\☕•tea•_2026-04-13.json
[2026-05-22 03:00:59] Skipping ..\data\discord_exports\1490962140805468171\☕•tea•_2026-04-14.json
[2026-05-22 03:00:59] Skipping ..\data\discord_exports\1490962140805468171\☕•tea•_2026-04-15.json
[2026-05-22 03:00:59] Skipping ..\data\discord_exports\1490962140805468171\☕•tea•_2026-04-16.json
[2026-05-22 03:00:59] Skipping ..\data\discord_exports\1490962140805468171\☕•tea•_2026-04-17.json
[2026-05-22 03:00:59] Skipping ..\data\discord_exports\1490962140805468171\☕•tea•_2026-04-18.json
[2026-05-22 03:00:59] Skipping ..\data\discord_exports\1490962140805468171\☕•tea•_2026-04-19.json
[2026-05-22 03:00:59] Skipping ..\data\discord_exports\1490962140805468171\☕•tea•_2026-04-20.json
[2026-05-22 03:00:59] Skipping ..\data\discord_exports\1490962140805468171\☕•tea•_2026-04-21.json
[2026-05-22 03:00:59] Skipping ..\data\discord_exports\1490962140805468171\☕•tea•_2026-04-22.json
[2026-05-22 03:00:59] Skipping ..\data\discord_exports\1490962140805468171\☕•tea•_2026-04-24.json
[2026-05-22 03:00:59] Skipping ..\data\discord_exports\1490962140805468171\☕•tea•_2026-04-28.json
[2026-05-22 03:00:59] Skipping ..\data\discord_exports\1490962140805468171\☕•tea•_2026-04-29.json
[2026-05-22 03:00:59] Skipping ..\data\discord_exports\1490962140805468171\☕•tea•_2026-05-01.json
[2026-05-22 03:00:59] Skipping ..\data\discord_exports\1490962140805468171\☕•tea•_2026-05-02.json
[2026-05-22 03:00:59] Skipping ..\data\discord_exports\1490962140805468171\☕•tea•_2026-05-03.json
[2026-05-22 03:00:59] Skipping ..\data\discord_exports\1490962140805468171\☕•tea•_2026-05-04.json
[2026-05-22 03:00:59] Skipping ..\data\discord_exports\1490962140805468171\☕•tea•_2026-05-05.json
[2026-05-22 03:00:59] Skipping ..\data\discord_exports\1490962140805468171\☕•tea•_2026-05-06.json
[2026-05-22 03:00:59] Skipping ..\data\discord_exports\1490962140805468171\☕•tea•_2026-05-07.json
[2026-05-22 03:00:59] Skipping ..\data\discord_exports\1490962140805468171\☕•tea•_2026-05-08.json
[2026-05-22 03:00:59] Skipping ..\data\discord_exports\1490962140805468171\☕•tea•_2026-05-09.json
[2026-05-22 03:00:59] Skipping ..\data\discord_exports\1490962140805468171\☕•tea•_2026-05-11.json
[2026-05-22 03:00:59] Skipping ..\data\discord_exports\1490962140805468171\☕•tea•_2026-05-12.json
[2026-05-22 03:00:59] Skipping ..\data\discord_exports\1490962140805468171\☕•tea•_2026-05-13.json
[2026-05-22 03:00:59] Skipping ..\data\discord_exports\1490962140805468171\☕•tea•_2026-05-14.json
[2026-05-22 03:00:59] Skipping ..\data\discord_exports\1490962140805468171\☕•tea•_2026-05-15.json
[2026-05-22 03:00:59] Skipping ..\data\discord_exports\1490962140805468171\☕•tea•_2026-05-21.json
[2026-05-22 03:00:59] Exporting #🎮🎲•play-time•🎲🎮
[2026-05-22 03:01:01] Skipping ..\data\discord_exports\1490962140805468171\🎮🎲•play-time•🎲🎮_2026-04-08.json
[2026-05-22 03:01:01] Skipping ..\data\discord_exports\1490962140805468171\🎮🎲•play-time•🎲🎮_2026-04-12.json
[2026-05-22 03:01:01] Skipping ..\data\discord_exports\1490962140805468171\🎮🎲•play-time•🎲🎮_2026-04-14.json
[2026-05-22 03:01:01] Skipping ..\data\discord_exports\1490962140805468171\🎮🎲•play-time•🎲🎮_2026-05-06.json
[2026-05-22 03:01:01] Skipping ..\data\discord_exports\1490962140805468171\🎮🎲•play-time•🎲🎮_2026-05-07.json
[2026-05-22 03:01:01] Exporting #•jam•🎵
[2026-05-22 03:01:01] Skipping ..\data\discord_exports\1490962140805468171\•jam•🎵_2026-04-07.json
[2026-05-22 03:01:01] Skipping ..\data\discord_exports\1490962140805468171\•jam•🎵_2026-04-22.json
[2026-05-22 03:01:01] Skipping ..\data\discord_exports\1490962140805468171\•jam•🎵_2026-04-26.json
[2026-05-22 03:01:01] Skipping ..\data\discord_exports\1490962140805468171\•jam•🎵_2026-05-04.json
[2026-05-22 03:01:01] Skipping ..\data\discord_exports\1490962140805468171\•jam•🎵_2026-05-06.json
[2026-05-22 03:01:01] Exporting #•bot•
[2026-05-22 03:01:03] Skipping ..\data\discord_exports\1490962140805468171\•bot•_2026-04-15.json
[2026-05-22 03:01:03] Skipping ..\data\discord_exports\1490962140805468171\•bot•_2026-04-16.json
[2026-05-22 03:01:03] Skipping ..\data\discord_exports\1490962140805468171\•bot•_2026-05-02.json
[2026-05-22 03:01:03] Skipping ..\data\discord_exports\1490962140805468171\•bot•_2026-05-03.json
[2026-05-22 03:01:03] Skipping ..\data\discord_exports\1490962140805468171\•bot•_2026-05-04.json
[2026-05-22 03:01:03] DONE
[2026-05-22 04:03:22] Logged in as TunTun#6131
[2026-05-22 04:03:22] ==================================================
[2026-05-22 04:03:22] SERVER: Diddy gng
[2026-05-22 04:03:22] ==================================================
[2026-05-22 04:03:22] Exporting #color-role
[2026-05-22 04:03:23] Skipping ..\data\discord_exports\1490962140805468171\color-role_2026-05-04.json
[2026-05-22 04:03:23] Exporting #☕•tea•
[2026-05-22 04:04:20] Skipping ..\data\discord_exports\1490962140805468171\☕•tea•_2026-04-07.json
[2026-05-22 04:04:20] Skipping ..\data\discord_exports\1490962140805468171\☕•tea•_2026-04-08.json
[2026-05-22 04:04:20] Skipping ..\data\discord_exports\1490962140805468171\☕•tea•_2026-04-09.json
[2026-05-22 04:04:20] Skipping ..\data\discord_exports\1490962140805468171\☕•tea•_2026-04-10.json
[2026-05-22 04:04:20] Skipping ..\data\discord_exports\1490962140805468171\☕•tea•_2026-04-11.json
[2026-05-22 04:04:20] Skipping ..\data\discord_exports\1490962140805468171\☕•tea•_2026-04-12.json
[2026-05-22 04:04:20] Skipping ..\data\discord_exports\1490962140805468171\☕•tea•_2026-04-13.json
[2026-05-22 04:04:20] Skipping ..\data\discord_exports\1490962140805468171\☕•tea•_2026-04-14.json
[2026-05-22 04:04:20] Skipping ..\data\discord_exports\1490962140805468171\☕•tea•_2026-04-15.json
[2026-05-22 04:04:20] Skipping ..\data\discord_exports\1490962140805468171\☕•tea•_2026-04-16.json
[2026-05-22 04:04:20] Skipping ..\data\discord_exports\1490962140805468171\☕•tea•_2026-04-17.json
[2026-05-22 04:04:20] Skipping ..\data\discord_exports\1490962140805468171\☕•tea•_2026-04-18.json
[2026-05-22 04:04:20] Skipping ..\data\discord_exports\1490962140805468171\☕•tea•_2026-04-19.json
[2026-05-22 04:04:20] Skipping ..\data\discord_exports\1490962140805468171\☕•tea•_2026-04-20.json
[2026-05-22 04:04:20] Skipping ..\data\discord_exports\1490962140805468171\☕•tea•_2026-04-21.json
[2026-05-22 04:04:20] Skipping ..\data\discord_exports\1490962140805468171\☕•tea•_2026-04-22.json
[2026-05-22 04:04:20] Skipping ..\data\discord_exports\1490962140805468171\☕•tea•_2026-04-24.json
[2026-05-22 04:04:20] Skipping ..\data\discord_exports\1490962140805468171\☕•tea•_2026-04-28.json
[2026-05-22 04:04:20] Skipping ..\data\discord_exports\1490962140805468171\☕•tea•_2026-04-29.json
[2026-05-22 04:04:20] Skipping ..\data\discord_exports\1490962140805468171\☕•tea•_2026-05-01.json
[2026-05-22 04:04:20] Skipping ..\data\discord_exports\1490962140805468171\☕•tea•_2026-05-02.json
[2026-05-22 04:04:20] Skipping ..\data\discord_exports\1490962140805468171\☕•tea•_2026-05-03.json
[2026-05-22 04:04:20] Skipping ..\data\discord_exports\1490962140805468171\☕•tea•_2026-05-04.json
[2026-05-22 04:04:20] Skipping ..\data\discord_exports\1490962140805468171\☕•tea•_2026-05-05.json
[2026-05-22 04:04:20] Skipping ..\data\discord_exports\1490962140805468171\☕•tea•_2026-05-06.json
[2026-05-22 04:04:20] Skipping ..\data\discord_exports\1490962140805468171\☕•tea•_2026-05-07.json
[2026-05-22 04:04:20] Skipping ..\data\discord_exports\1490962140805468171\☕•tea•_2026-05-08.json
[2026-05-22 04:04:20] Skipping ..\data\discord_exports\1490962140805468171\☕•tea•_2026-05-09.json
[2026-05-22 04:04:20] Skipping ..\data\discord_exports\1490962140805468171\☕•tea•_2026-05-11.json
[2026-05-22 04:04:20] Skipping ..\data\discord_exports\1490962140805468171\☕•tea•_2026-05-12.json
[2026-05-22 04:04:20] Skipping ..\data\discord_exports\1490962140805468171\☕•tea•_2026-05-13.json
[2026-05-22 04:04:20] Skipping ..\data\discord_exports\1490962140805468171\☕•tea•_2026-05-14.json
[2026-05-22 04:04:20] Skipping ..\data\discord_exports\1490962140805468171\☕•tea•_2026-05-15.json
[2026-05-22 04:04:20] Skipping ..\data\discord_exports\1490962140805468171\☕•tea•_2026-05-21.json
[2026-05-22 04:04:20] Exporting #🎮🎲•play-time•🎲🎮
[2026-05-22 04:04:20] Skipping ..\data\discord_exports\1490962140805468171\🎮🎲•play-time•🎲🎮_2026-04-08.json
[2026-05-22 04:04:20] Skipping ..\data\discord_exports\1490962140805468171\🎮🎲•play-time•🎲🎮_2026-04-12.json
[2026-05-22 04:04:20] Skipping ..\data\discord_exports\1490962140805468171\🎮🎲•play-time•🎲🎮_2026-04-14.json
[2026-05-22 04:04:20] Skipping ..\data\discord_exports\1490962140805468171\🎮🎲•play-time•🎲🎮_2026-05-06.json
[2026-05-22 04:04:20] Skipping ..\data\discord_exports\1490962140805468171\🎮🎲•play-time•🎲🎮_2026-05-07.json
[2026-05-22 04:04:20] Exporting #•jam•🎵
[2026-05-22 04:04:21] Skipping ..\data\discord_exports\1490962140805468171\•jam•🎵_2026-04-07.json
[2026-05-22 04:04:21] Skipping ..\data\discord_exports\1490962140805468171\•jam•🎵_2026-04-22.json
[2026-05-22 04:04:21] Skipping ..\data\discord_exports\1490962140805468171\•jam•🎵_2026-04-26.json
[2026-05-22 04:04:21] Skipping ..\data\discord_exports\1490962140805468171\•jam•🎵_2026-05-04.json
[2026-05-22 04:04:21] Skipping ..\data\discord_exports\1490962140805468171\•jam•🎵_2026-05-06.json
[2026-05-22 04:04:21] Exporting #•bot•
[2026-05-22 04:04:25] Skipping ..\data\discord_exports\1490962140805468171\•bot•_2026-04-15.json
[2026-05-22 04:04:25] Skipping ..\data\discord_exports\1490962140805468171\•bot•_2026-04-16.json
[2026-05-22 04:04:25] Skipping ..\data\discord_exports\1490962140805468171\•bot•_2026-05-02.json
[2026-05-22 04:04:25] Skipping ..\data\discord_exports\1490962140805468171\•bot•_2026-05-03.json
[2026-05-22 04:04:25] Skipping ..\data\discord_exports\1490962140805468171\•bot•_2026-05-04.json
[2026-05-22 04:04:25] DONE
[2026-05-22 04:06:44] Logged in as TunTun#6131
[2026-05-22 04:06:44] ==================================================
[2026-05-22 04:06:44] SERVER: Diddy gng
[2026-05-22 04:06:44] ==================================================
[2026-05-22 04:06:44] Exporting #color-role
[2026-05-22 04:06:45] Skipping ..\data\discord_exports\1490962140805468171\color-role_2026-05-04.json
[2026-05-22 04:06:45] Exporting #☕•tea•
[2026-05-22 04:07:29] Logged in to Discord as TunTun#6131
[2026-05-22 04:07:29] ==================================================
[2026-05-22 04:07:29] SCRAPING SERVER: Andheri Mehfil | Hangout . Chill . VC . Gaming . Friendly . Community . Peaceful . Cozy (ID: 1504432371124932670)
[2026-05-22 04:07:29] ==================================================
[2026-05-22 04:07:29] Exporting #⋆˚꒰staff-chat꒱⭐
[2026-05-22 04:07:30] No access to channel #⋆˚꒰staff-chat꒱⭐
[2026-05-22 04:07:30] Exporting #⋆˚꒰wick-log꒱🔨
[2026-05-22 04:07:30] No access to channel #⋆˚꒰wick-log꒱🔨
[2026-05-22 04:07:30] Exporting #⋆˚꒰mod-log꒱🔨
[2026-05-22 04:07:31] No access to channel #⋆˚꒰mod-log꒱🔨
[2026-05-22 04:07:31] Exporting #﹒→﹒announcements﹔-ᐢᐢ﹒📢
[2026-05-22 04:07:31] Saved F:\Ragi\Discos\data\discord_exports\1504432371124932670\﹒→﹒announcements﹔-ᐢᐢ﹒📢_2026-05-16.json
[2026-05-22 04:07:31] Exporting #﹒→﹒roles﹔-ᐢᐢ﹒🍚
[2026-05-22 04:07:32] Saved F:\Ragi\Discos\data\discord_exports\1504432371124932670\﹒→﹒roles﹔-ᐢᐢ﹒🍚_2026-05-16.json
[2026-05-22 04:07:32] Exporting #﹒→﹒levels﹔-ᐢᐢ﹒🌠
[2026-05-22 04:07:33] Saved F:\Ragi\Discos\data\discord_exports\1504432371124932670\﹒→﹒levels﹔-ᐢᐢ﹒🌠_2026-05-15.json
[2026-05-22 04:07:33] Saved F:\Ragi\Discos\data\discord_exports\1504432371124932670\﹒→﹒levels﹔-ᐢᐢ﹒🌠_2026-05-16.json
[2026-05-22 04:07:33] Saved F:\Ragi\Discos\data\discord_exports\1504432371124932670\﹒→﹒levels﹔-ᐢᐢ﹒🌠_2026-05-18.json
[2026-05-22 04:07:33] Saved F:\Ragi\Discos\data\discord_exports\1504432371124932670\﹒→﹒levels﹔-ᐢᐢ﹒🌠_2026-05-19.json
[2026-05-22 04:07:33] Saved F:\Ragi\Discos\data\discord_exports\1504432371124932670\﹒→﹒levels﹔-ᐢᐢ﹒🌠_2026-05-20.json
[2026-05-22 04:07:33] Saved F:\Ragi\Discos\data\discord_exports\1504432371124932670\﹒→﹒levels﹔-ᐢᐢ﹒🌠_2026-05-21.json
[2026-05-22 04:07:33] Exporting #﹒→﹒welcome﹔-ᐢᐢ﹒🍡
[2026-05-22 04:07:35] Saved F:\Ragi\Discos\data\discord_exports\1504432371124932670\﹒→﹒welcome﹔-ᐢᐢ﹒🍡_2026-05-15.json
[2026-05-22 04:07:35] Saved F:\Ragi\Discos\data\discord_exports\1504432371124932670\﹒→﹒welcome﹔-ᐢᐢ﹒🍡_2026-05-16.json
[2026-05-22 04:07:35] Saved F:\Ragi\Discos\data\discord_exports\1504432371124932670\﹒→﹒welcome﹔-ᐢᐢ﹒🍡_2026-05-17.json
[2026-05-22 04:07:35] Saved F:\Ragi\Discos\data\discord_exports\1504432371124932670\﹒→﹒welcome﹔-ᐢᐢ﹒🍡_2026-05-18.json
[2026-05-22 04:07:35] Saved F:\Ragi\Discos\data\discord_exports\1504432371124932670\﹒→﹒welcome﹔-ᐢᐢ﹒🍡_2026-05-19.json
[2026-05-22 04:07:35] Saved F:\Ragi\Discos\data\discord_exports\1504432371124932670\﹒→﹒welcome﹔-ᐢᐢ﹒🍡_2026-05-20.json
[2026-05-22 04:07:35] Exporting #﹒→﹒support﹔-ᐢᐢ﹒⚙️
[2026-05-22 04:07:35] Saved F:\Ragi\Discos\data\discord_exports\1504432371124932670\﹒→﹒support﹔-ᐢᐢ﹒⚙️_2026-05-15.json
[2026-05-22 04:07:35] Exporting #﹒→﹒rules﹔-ᐢᐢ﹒📜
[2026-05-22 04:07:36] Saved F:\Ragi\Discos\data\discord_exports\1504432371124932670\﹒→﹒rules﹔-ᐢᐢ﹒📜_2026-05-18.json
[2026-05-22 04:07:36] Exporting #⋆˚꒰general꒱🐚
[2026-05-22 04:08:12] Saved F:\Ragi\Discos\data\discord_exports\1504432371124932670\⋆˚꒰general꒱🐚_2026-05-14.json
[2026-05-22 04:08:12] Saved F:\Ragi\Discos\data\discord_exports\1504432371124932670\⋆˚꒰general꒱🐚_2026-05-15.json
[2026-05-22 04:08:12] Saved F:\Ragi\Discos\data\discord_exports\1504432371124932670\⋆˚꒰general꒱🐚_2026-05-16.json
[2026-05-22 04:08:12] Saved F:\Ragi\Discos\data\discord_exports\1504432371124932670\⋆˚꒰general꒱🐚_2026-05-17.json
[2026-05-22 04:08:12] Saved F:\Ragi\Discos\data\discord_exports\1504432371124932670\⋆˚꒰general꒱🐚_2026-05-18.json
[2026-05-22 04:08:12] Saved F:\Ragi\Discos\data\discord_exports\1504432371124932670\⋆˚꒰general꒱🐚_2026-05-19.json
[2026-05-22 04:08:12] Saved F:\Ragi\Discos\data\discord_exports\1504432371124932670\⋆˚꒰general꒱🐚_2026-05-20.json
[2026-05-22 04:08:12] Saved F:\Ragi\Discos\data\discord_exports\1504432371124932670\⋆˚꒰general꒱🐚_2026-05-21.json
[2026-05-22 04:08:12] Exporting #⋆˚꒰intro꒱🌸
[2026-05-22 04:08:14] Saved F:\Ragi\Discos\data\discord_exports\1504432371124932670\⋆˚꒰intro꒱🌸_2026-05-15.json
[2026-05-22 04:08:14] Saved F:\Ragi\Discos\data\discord_exports\1504432371124932670\⋆˚꒰intro꒱🌸_2026-05-16.json
[2026-05-22 04:08:14] Saved F:\Ragi\Discos\data\discord_exports\1504432371124932670\⋆˚꒰intro꒱🌸_2026-05-19.json
[2026-05-22 04:08:14] Saved F:\Ragi\Discos\data\discord_exports\1504432371124932670\⋆˚꒰intro꒱🌸_2026-05-20.json
[2026-05-22 04:08:14] Saved F:\Ragi\Discos\data\discord_exports\1504432371124932670\⋆˚꒰intro꒱🌸_2026-05-21.json
[2026-05-22 04:08:14] Exporting #⋆˚꒰confessions꒱🤫
[2026-05-22 04:08:14] Saved F:\Ragi\Discos\data\discord_exports\1504432371124932670\⋆˚꒰confessions꒱🤫_2026-05-18.json
[2026-05-22 04:08:14] Saved F:\Ragi\Discos\data\discord_exports\1504432371124932670\⋆˚꒰confessions꒱🤫_2026-05-19.json
[2026-05-22 04:08:14] Saved F:\Ragi\Discos\data\discord_exports\1504432371124932670\⋆˚꒰confessions꒱🤫_2026-05-20.json
[2026-05-22 04:08:14] Exporting #⋆˚꒰caught-in-4k꒱🥶
[2026-05-22 04:08:15] Saved F:\Ragi\Discos\data\discord_exports\1504432371124932670\⋆˚꒰caught-in-4k꒱🥶_2026-05-15.json
[2026-05-22 04:08:15] Exporting #⌯⌲〔commands⚙️〕
[2026-05-22 04:08:15] Saved F:\Ragi\Discos\data\discord_exports\1504432371124932670\⌯⌲〔commands⚙️〕_2026-05-15.json
[2026-05-22 04:08:15] Saved F:\Ragi\Discos\data\discord_exports\1504432371124932670\⌯⌲〔commands⚙️〕_2026-05-16.json
[2026-05-22 04:08:15] Saved F:\Ragi\Discos\data\discord_exports\1504432371124932670\⌯⌲〔commands⚙️〕_2026-05-17.json
[2026-05-22 04:08:15] Saved F:\Ragi\Discos\data\discord_exports\1504432371124932670\⌯⌲〔commands⚙️〕_2026-05-18.json
[2026-05-22 04:08:15] Saved F:\Ragi\Discos\data\discord_exports\1504432371124932670\⌯⌲〔commands⚙️〕_2026-05-20.json
[2026-05-22 04:08:15] Saved F:\Ragi\Discos\data\discord_exports\1504432371124932670\⌯⌲〔commands⚙️〕_2026-05-21.json
[2026-05-22 04:08:15] Exporting #⌯⌲〔spam-zone🐰〕
[2026-05-22 04:08:16] Saved F:\Ragi\Discos\data\discord_exports\1504432371124932670\⌯⌲〔spam-zone🐰〕_2026-05-18.json
[2026-05-22 04:08:16] Saved F:\Ragi\Discos\data\discord_exports\1504432371124932670\⌯⌲〔spam-zone🐰〕_2026-05-20.json
[2026-05-22 04:08:16] Exporting #⌯⌲〔truth-or-dare💥〕
[2026-05-22 04:08:16] Saved F:\Ragi\Discos\data\discord_exports\1504432371124932670\⌯⌲〔truth-or-dare💥〕_2026-05-15.json
[2026-05-22 04:08:16] Saved F:\Ragi\Discos\data\discord_exports\1504432371124932670\⌯⌲〔truth-or-dare💥〕_2026-05-20.json
[2026-05-22 04:08:16] Saved F:\Ragi\Discos\data\discord_exports\1504432371124932670\⌯⌲〔truth-or-dare💥〕_2026-05-21.json
[2026-05-22 04:08:16] Exporting #⌯⌲〔garlicbot🤖〕
[2026-05-22 04:08:17] Saved F:\Ragi\Discos\data\discord_exports\1504432371124932670\⌯⌲〔garlicbot🤖〕_2026-05-15.json
[2026-05-22 04:08:17] Exporting #⌯⌲〔verification☑️〕
[2026-05-22 04:08:17] Saved F:\Ragi\Discos\data\discord_exports\1504432371124932670\⌯⌲〔verification☑️〕_2026-05-16.json
[2026-05-22 04:08:17] Exporting #•〔giveaways〕💯
[2026-05-22 04:08:18] Exporting #•〔events〕🪇
[2026-05-22 04:08:18] Exporting #~
[2026-05-22 04:08:19] Saved F:\Ragi\Discos\data\discord_exports\1504432371124932670\~_2026-05-15.json
[2026-05-22 04:08:19] Exporting #Faaaaah moments!!
[2026-05-22 04:08:19] Saved F:\Ragi\Discos\data\discord_exports\1504432371124932670\Faaaaah moments!!_2026-05-19.json
[2026-05-22 04:08:19] Exporting #Random 🤩🌸
[2026-05-22 04:08:20] Saved F:\Ragi\Discos\data\discord_exports\1504432371124932670\Random 🤩🌸_2026-05-19.json
[2026-05-22 04:08:20] Exporting #Caught sharkieeee snoring 🦈💤
[2026-05-22 04:08:20] Saved F:\Ragi\Discos\data\discord_exports\1504432371124932670\Caught sharkieeee snoring 🦈💤_2026-05-20.json
[2026-05-22 04:08:20] Exporting #Checking!!!
[2026-05-22 04:08:20] Exporting #Confession Replies (#9)
[2026-05-22 04:08:21] Saved F:\Ragi\Discos\data\discord_exports\1504432371124932670\Confession Replies (#9)_2026-05-20.json
[2026-05-22 04:08:21] Exporting #Junior queen
[2026-05-22 04:08:21] Scraper successfully finished for server: Andheri Mehfil | Hangout . Chill . VC . Gaming . Friendly . Community . Peaceful . Cozy
[2026-05-22 12:30:41] Logged in to Discord as TunTun#6131
[2026-05-22 12:30:41] ==================================================
[2026-05-22 12:30:41] SCRAPING SERVER: Andheri Mehfil | Hangout . Chill . VC . Gaming . Friendly . Community . Peaceful . Cozy (ID: 1504432371124932670)
[2026-05-22 12:30:41] ==================================================
[2026-05-22 12:30:41] Exporting #⋆˚꒰staff-chat꒱⭐
[2026-05-22 12:30:42] No access to channel #⋆˚꒰staff-chat꒱⭐
[2026-05-22 12:30:42] Exporting #⋆˚꒰wick-log꒱🔨
[2026-05-22 12:30:42] No access to channel #⋆˚꒰wick-log꒱🔨
[2026-05-22 12:30:42] Exporting #⋆˚꒰mod-log꒱🔨
[2026-05-22 12:30:43] No access to channel #⋆˚꒰mod-log꒱🔨
[2026-05-22 12:30:43] Exporting #﹒→﹒announcements﹔-ᐢᐢ﹒📢
[2026-05-22 12:30:43] Skipping F:\Ragi\Discos\data\discord_exports\1504432371124932670\﹒→﹒announcements﹔-ᐢᐢ﹒📢_2026-05-16.json
[2026-05-22 12:30:43] Exporting #﹒→﹒roles﹔-ᐢᐢ﹒🍚
[2026-05-22 12:30:44] Skipping F:\Ragi\Discos\data\discord_exports\1504432371124932670\﹒→﹒roles﹔-ᐢᐢ﹒🍚_2026-05-16.json
[2026-05-22 12:30:44] Exporting #﹒→﹒levels﹔-ᐢᐢ﹒🌠
[2026-05-22 12:30:45] Skipping F:\Ragi\Discos\data\discord_exports\1504432371124932670\﹒→﹒levels﹔-ᐢᐢ﹒🌠_2026-05-15.json
[2026-05-22 12:30:45] Skipping F:\Ragi\Discos\data\discord_exports\1504432371124932670\﹒→﹒levels﹔-ᐢᐢ﹒🌠_2026-05-16.json
[2026-05-22 12:30:45] Skipping F:\Ragi\Discos\data\discord_exports\1504432371124932670\﹒→﹒levels﹔-ᐢᐢ﹒🌠_2026-05-18.json
[2026-05-22 12:30:45] Skipping F:\Ragi\Discos\data\discord_exports\1504432371124932670\﹒→﹒levels﹔-ᐢᐢ﹒🌠_2026-05-19.json
[2026-05-22 12:30:45] Skipping F:\Ragi\Discos\data\discord_exports\1504432371124932670\﹒→﹒levels﹔-ᐢᐢ﹒🌠_2026-05-20.json
[2026-05-22 12:30:45] Skipping F:\Ragi\Discos\data\discord_exports\1504432371124932670\﹒→﹒levels﹔-ᐢᐢ﹒🌠_2026-05-21.json
[2026-05-22 12:30:45] Saved F:\Ragi\Discos\data\discord_exports\1504432371124932670\﹒→﹒levels﹔-ᐢᐢ﹒🌠_2026-05-22.json
[2026-05-22 12:30:45] Exporting #﹒→﹒welcome﹔-ᐢᐢ﹒🍡
[2026-05-22 12:30:46] Skipping F:\Ragi\Discos\data\discord_exports\1504432371124932670\﹒→﹒welcome﹔-ᐢᐢ﹒🍡_2026-05-15.json
[2026-05-22 12:30:46] Skipping F:\Ragi\Discos\data\discord_exports\1504432371124932670\﹒→﹒welcome﹔-ᐢᐢ﹒🍡_2026-05-16.json
[2026-05-22 12:30:46] Skipping F:\Ragi\Discos\data\discord_exports\1504432371124932670\﹒→﹒welcome﹔-ᐢᐢ﹒🍡_2026-05-17.json
[2026-05-22 12:30:46] Skipping F:\Ragi\Discos\data\discord_exports\1504432371124932670\﹒→﹒welcome﹔-ᐢᐢ﹒🍡_2026-05-18.json
[2026-05-22 12:30:46] Skipping F:\Ragi\Discos\data\discord_exports\1504432371124932670\﹒→﹒welcome﹔-ᐢᐢ﹒🍡_2026-05-19.json
[2026-05-22 12:30:46] Skipping F:\Ragi\Discos\data\discord_exports\1504432371124932670\﹒→﹒welcome﹔-ᐢᐢ﹒🍡_2026-05-20.json
[2026-05-22 12:30:46] Saved F:\Ragi\Discos\data\discord_exports\1504432371124932670\﹒→﹒welcome﹔-ᐢᐢ﹒🍡_2026-05-22.json
[2026-05-22 12:30:46] Exporting #﹒→﹒support﹔-ᐢᐢ﹒⚙️
[2026-05-22 12:30:47] Skipping F:\Ragi\Discos\data\discord_exports\1504432371124932670\﹒→﹒support﹔-ᐢᐢ﹒⚙️_2026-05-15.json
[2026-05-22 12:30:47] Exporting #﹒→﹒rules﹔-ᐢᐢ﹒📜
[2026-05-22 12:30:47] Skipping F:\Ragi\Discos\data\discord_exports\1504432371124932670\﹒→﹒rules﹔-ᐢᐢ﹒📜_2026-05-18.json
[2026-05-22 12:30:47] Exporting #⋆˚꒰general꒱🐚
[2026-05-22 12:31:22] Skipping F:\Ragi\Discos\data\discord_exports\1504432371124932670\⋆˚꒰general꒱🐚_2026-05-14.json
[2026-05-22 12:31:22] Skipping F:\Ragi\Discos\data\discord_exports\1504432371124932670\⋆˚꒰general꒱🐚_2026-05-15.json
[2026-05-22 12:31:22] Skipping F:\Ragi\Discos\data\discord_exports\1504432371124932670\⋆˚꒰general꒱🐚_2026-05-16.json
[2026-05-22 12:31:22] Skipping F:\Ragi\Discos\data\discord_exports\1504432371124932670\⋆˚꒰general꒱🐚_2026-05-17.json
[2026-05-22 12:31:22] Skipping F:\Ragi\Discos\data\discord_exports\1504432371124932670\⋆˚꒰general꒱🐚_2026-05-18.json
[2026-05-22 12:31:22] Skipping F:\Ragi\Discos\data\discord_exports\1504432371124932670\⋆˚꒰general꒱🐚_2026-05-19.json
[2026-05-22 12:31:22] Skipping F:\Ragi\Discos\data\discord_exports\1504432371124932670\⋆˚꒰general꒱🐚_2026-05-20.json
[2026-05-22 12:31:22] Skipping F:\Ragi\Discos\data\discord_exports\1504432371124932670\⋆˚꒰general꒱🐚_2026-05-21.json
[2026-05-22 12:31:22] Saved F:\Ragi\Discos\data\discord_exports\1504432371124932670\⋆˚꒰general꒱🐚_2026-05-22.json
[2026-05-22 12:31:22] Exporting #⋆˚꒰intro꒱🌸
[2026-05-22 12:31:23] Skipping F:\Ragi\Discos\data\discord_exports\1504432371124932670\⋆˚꒰intro꒱🌸_2026-05-15.json
[2026-05-22 12:31:23] Skipping F:\Ragi\Discos\data\discord_exports\1504432371124932670\⋆˚꒰intro꒱🌸_2026-05-16.json
[2026-05-22 12:31:23] Skipping F:\Ragi\Discos\data\discord_exports\1504432371124932670\⋆˚꒰intro꒱🌸_2026-05-19.json
[2026-05-22 12:31:23] Skipping F:\Ragi\Discos\data\discord_exports\1504432371124932670\⋆˚꒰intro꒱🌸_2026-05-20.json
[2026-05-22 12:31:23] Skipping F:\Ragi\Discos\data\discord_exports\1504432371124932670\⋆˚꒰intro꒱🌸_2026-05-21.json
[2026-05-22 12:31:23] Saved F:\Ragi\Discos\data\discord_exports\1504432371124932670\⋆˚꒰intro꒱🌸_2026-05-22.json
[2026-05-22 12:31:23] Exporting #⋆˚꒰confessions꒱🤫
[2026-05-22 12:31:23] Skipping F:\Ragi\Discos\data\discord_exports\1504432371124932670\⋆˚꒰confessions꒱🤫_2026-05-18.json
[2026-05-22 12:31:23] Skipping F:\Ragi\Discos\data\discord_exports\1504432371124932670\⋆˚꒰confessions꒱🤫_2026-05-19.json
[2026-05-22 12:31:23] Skipping F:\Ragi\Discos\data\discord_exports\1504432371124932670\⋆˚꒰confessions꒱🤫_2026-05-20.json
[2026-05-22 12:31:23] Exporting #⋆˚꒰caught-in-4k꒱🥶
[2026-05-22 12:31:24] Skipping F:\Ragi\Discos\data\discord_exports\1504432371124932670\⋆˚꒰caught-in-4k꒱🥶_2026-05-15.json
[2026-05-22 12:31:24] Exporting #⌯⌲〔commands⚙️〕
[2026-05-22 12:31:24] Skipping F:\Ragi\Discos\data\discord_exports\1504432371124932670\⌯⌲〔commands⚙️〕_2026-05-15.json
[2026-05-22 12:31:24] Skipping F:\Ragi\Discos\data\discord_exports\1504432371124932670\⌯⌲〔commands⚙️〕_2026-05-16.json
[2026-05-22 12:31:24] Skipping F:\Ragi\Discos\data\discord_exports\1504432371124932670\⌯⌲〔commands⚙️〕_2026-05-17.json
[2026-05-22 12:31:24] Skipping F:\Ragi\Discos\data\discord_exports\1504432371124932670\⌯⌲〔commands⚙️〕_2026-05-18.json
[2026-05-22 12:31:24] Skipping F:\Ragi\Discos\data\discord_exports\1504432371124932670\⌯⌲〔commands⚙️〕_2026-05-20.json
[2026-05-22 12:31:24] Skipping F:\Ragi\Discos\data\discord_exports\1504432371124932670\⌯⌲〔commands⚙️〕_2026-05-21.json
[2026-05-22 12:31:24] Exporting #⌯⌲〔spam-zone🐰〕
[2026-05-22 12:31:25] Skipping F:\Ragi\Discos\data\discord_exports\1504432371124932670\⌯⌲〔spam-zone🐰〕_2026-05-18.json
[2026-05-22 12:31:25] Skipping F:\Ragi\Discos\data\discord_exports\1504432371124932670\⌯⌲〔spam-zone🐰〕_2026-05-20.json
[2026-05-22 12:31:25] Exporting #⌯⌲〔truth-or-dare💥〕
[2026-05-22 12:31:25] Skipping F:\Ragi\Discos\data\discord_exports\1504432371124932670\⌯⌲〔truth-or-dare💥〕_2026-05-15.json
[2026-05-22 12:31:25] Skipping F:\Ragi\Discos\data\discord_exports\1504432371124932670\⌯⌲〔truth-or-dare💥〕_2026-05-20.json
[2026-05-22 12:31:25] Skipping F:\Ragi\Discos\data\discord_exports\1504432371124932670\⌯⌲〔truth-or-dare💥〕_2026-05-21.json
[2026-05-22 12:31:25] Exporting #⌯⌲〔garlicbot🤖〕
[2026-05-22 12:31:27] Skipping F:\Ragi\Discos\data\discord_exports\1504432371124932670\⌯⌲〔garlicbot🤖〕_2026-05-15.json
[2026-05-22 12:31:27] Exporting #⌯⌲〔verification☑️〕
[2026-05-22 12:31:28] Skipping F:\Ragi\Discos\data\discord_exports\1504432371124932670\⌯⌲〔verification☑️〕_2026-05-16.json
[2026-05-22 12:31:28] Exporting #•〔giveaways〕💯
[2026-05-22 12:31:28] Exporting #•〔events〕🪇
[2026-05-22 12:31:29] Exporting #~
[2026-05-22 12:31:30] Skipping F:\Ragi\Discos\data\discord_exports\1504432371124932670\~_2026-05-15.json
[2026-05-22 12:31:30] Exporting #Faaaaah moments!!
[2026-05-22 12:31:30] Skipping F:\Ragi\Discos\data\discord_exports\1504432371124932670\Faaaaah moments!!_2026-05-19.json
[2026-05-22 12:31:30] Exporting #Random 🤩🌸
[2026-05-22 12:31:31] Skipping F:\Ragi\Discos\data\discord_exports\1504432371124932670\Random 🤩🌸_2026-05-19.json
[2026-05-22 12:31:31] Exporting #Caught sharkieeee snoring 🦈💤
[2026-05-22 12:31:31] Skipping F:\Ragi\Discos\data\discord_exports\1504432371124932670\Caught sharkieeee snoring 🦈💤_2026-05-20.json
[2026-05-22 12:31:31] Exporting #Checking!!!
[2026-05-22 12:31:32] Exporting #Confession Replies (#9)
[2026-05-22 12:31:32] Skipping F:\Ragi\Discos\data\discord_exports\1504432371124932670\Confession Replies (#9)_2026-05-20.json
[2026-05-22 12:31:32] Exporting #Junior queen
[2026-05-22 12:31:33] Scraper successfully finished for server: Andheri Mehfil | Hangout . Chill . VC . Gaming . Friendly . Community . Peaceful . Cozy
[2026-05-22 16:36:40] Logged in as TunTun#6131
[2026-05-22 16:36:40] ==================================================
[2026-05-22 16:36:40] SERVER: Diddy gng
[2026-05-22 16:36:40] ==================================================
[2026-05-22 16:36:40] Exporting #color-role
[2026-05-22 16:36:40] Saved F:\Ragi\Discos\data\discord_exports\1490962140805468171\color-role_2026-05-04.json
[2026-05-22 16:36:40] Exporting #☕•tea•
[2026-05-22 16:37:32] Saved F:\Ragi\Discos\data\discord_exports\1490962140805468171\☕•tea•_2026-04-07.json
[2026-05-22 16:37:32] Saved F:\Ragi\Discos\data\discord_exports\1490962140805468171\☕•tea•_2026-04-08.json
[2026-05-22 16:37:32] Saved F:\Ragi\Discos\data\discord_exports\1490962140805468171\☕•tea•_2026-04-09.json
[2026-05-22 16:37:32] Saved F:\Ragi\Discos\data\discord_exports\1490962140805468171\☕•tea•_2026-04-10.json
[2026-05-22 16:37:32] Saved F:\Ragi\Discos\data\discord_exports\1490962140805468171\☕•tea•_2026-04-11.json
[2026-05-22 16:37:32] Saved F:\Ragi\Discos\data\discord_exports\1490962140805468171\☕•tea•_2026-04-12.json
[2026-05-22 16:37:32] Saved F:\Ragi\Discos\data\discord_exports\1490962140805468171\☕•tea•_2026-04-13.json
[2026-05-22 16:37:32] Saved F:\Ragi\Discos\data\discord_exports\1490962140805468171\☕•tea•_2026-04-14.json
[2026-05-22 16:37:32] Saved F:\Ragi\Discos\data\discord_exports\1490962140805468171\☕•tea•_2026-04-15.json
[2026-05-22 16:37:32] Saved F:\Ragi\Discos\data\discord_exports\1490962140805468171\☕•tea•_2026-04-16.json
[2026-05-22 16:37:32] Saved F:\Ragi\Discos\data\discord_exports\1490962140805468171\☕•tea•_2026-04-17.json
[2026-05-22 16:37:32] Saved F:\Ragi\Discos\data\discord_exports\1490962140805468171\☕•tea•_2026-04-18.json
[2026-05-22 16:37:32] Saved F:\Ragi\Discos\data\discord_exports\1490962140805468171\☕•tea•_2026-04-19.json
[2026-05-22 16:37:32] Saved F:\Ragi\Discos\data\discord_exports\1490962140805468171\☕•tea•_2026-04-20.json
[2026-05-22 16:37:32] Saved F:\Ragi\Discos\data\discord_exports\1490962140805468171\☕•tea•_2026-04-21.json
[2026-05-22 16:37:32] Saved F:\Ragi\Discos\data\discord_exports\1490962140805468171\☕•tea•_2026-04-22.json
[2026-05-22 16:37:32] Saved F:\Ragi\Discos\data\discord_exports\1490962140805468171\☕•tea•_2026-04-24.json
[2026-05-22 16:37:32] Saved F:\Ragi\Discos\data\discord_exports\1490962140805468171\☕•tea•_2026-04-28.json
[2026-05-22 16:37:32] Saved F:\Ragi\Discos\data\discord_exports\1490962140805468171\☕•tea•_2026-04-29.json
[2026-05-22 16:37:32] Saved F:\Ragi\Discos\data\discord_exports\1490962140805468171\☕•tea•_2026-05-01.json
[2026-05-22 16:37:32] Saved F:\Ragi\Discos\data\discord_exports\1490962140805468171\☕•tea•_2026-05-02.json
[2026-05-22 16:37:32] Saved F:\Ragi\Discos\data\discord_exports\1490962140805468171\☕•tea•_2026-05-03.json
[2026-05-22 16:37:32] Saved F:\Ragi\Discos\data\discord_exports\1490962140805468171\☕•tea•_2026-05-04.json
[2026-05-22 16:37:32] Saved F:\Ragi\Discos\data\discord_exports\1490962140805468171\☕•tea•_2026-05-05.json
[2026-05-22 16:37:32] Saved F:\Ragi\Discos\data\discord_exports\1490962140805468171\☕•tea•_2026-05-06.json
[2026-05-22 16:37:32] Saved F:\Ragi\Discos\data\discord_exports\1490962140805468171\☕•tea•_2026-05-07.json
[2026-05-22 16:37:32] Saved F:\Ragi\Discos\data\discord_exports\1490962140805468171\☕•tea•_2026-05-08.json
[2026-05-22 16:37:32] Saved F:\Ragi\Discos\data\discord_exports\1490962140805468171\☕•tea•_2026-05-09.json
[2026-05-22 16:37:32] Saved F:\Ragi\Discos\data\discord_exports\1490962140805468171\☕•tea•_2026-05-11.json
[2026-05-22 16:37:32] Saved F:\Ragi\Discos\data\discord_exports\1490962140805468171\☕•tea•_2026-05-12.json
[2026-05-22 16:37:32] Saved F:\Ragi\Discos\data\discord_exports\1490962140805468171\☕•tea•_2026-05-13.json
[2026-05-22 16:37:32] Saved F:\Ragi\Discos\data\discord_exports\1490962140805468171\☕•tea•_2026-05-14.json
[2026-05-22 16:37:32] Saved F:\Ragi\Discos\data\discord_exports\1490962140805468171\☕•tea•_2026-05-15.json
[2026-05-22 16:37:32] Saved F:\Ragi\Discos\data\discord_exports\1490962140805468171\☕•tea•_2026-05-21.json
[2026-05-22 16:37:32] Saved F:\Ragi\Discos\data\discord_exports\1490962140805468171\☕•tea•_2026-05-22.json
[2026-05-22 16:37:32] Exporting #🎮🎲•play-time•🎲🎮
[2026-05-22 16:37:33] Saved F:\Ragi\Discos\data\discord_exports\1490962140805468171\🎮🎲•play-time•🎲🎮_2026-04-08.json
[2026-05-22 16:37:33] Saved F:\Ragi\Discos\data\discord_exports\1490962140805468171\🎮🎲•play-time•🎲🎮_2026-04-12.json
[2026-05-22 16:37:33] Saved F:\Ragi\Discos\data\discord_exports\1490962140805468171\🎮🎲•play-time•🎲🎮_2026-04-14.json
[2026-05-22 16:37:33] Saved F:\Ragi\Discos\data\discord_exports\1490962140805468171\🎮🎲•play-time•🎲🎮_2026-05-06.json
[2026-05-22 16:37:33] Saved F:\Ragi\Discos\data\discord_exports\1490962140805468171\🎮🎲•play-time•🎲🎮_2026-05-07.json
[2026-05-22 16:37:33] Exporting #•jam•🎵
[2026-05-22 16:37:33] Saved F:\Ragi\Discos\data\discord_exports\1490962140805468171\•jam•🎵_2026-04-07.json
[2026-05-22 16:37:33] Saved F:\Ragi\Discos\data\discord_exports\1490962140805468171\•jam•🎵_2026-04-22.json
[2026-05-22 16:37:33] Saved F:\Ragi\Discos\data\discord_exports\1490962140805468171\•jam•🎵_2026-04-26.json
[2026-05-22 16:37:33] Saved F:\Ragi\Discos\data\discord_exports\1490962140805468171\•jam•🎵_2026-05-04.json
[2026-05-22 16:37:33] Saved F:\Ragi\Discos\data\discord_exports\1490962140805468171\•jam•🎵_2026-05-06.json
[2026-05-22 16:37:33] Exporting #•bot•
[2026-05-22 16:37:35] Saved F:\Ragi\Discos\data\discord_exports\1490962140805468171\•bot•_2026-04-15.json
[2026-05-22 16:37:35] Saved F:\Ragi\Discos\data\discord_exports\1490962140805468171\•bot•_2026-04-16.json
[2026-05-22 16:37:35] Saved F:\Ragi\Discos\data\discord_exports\1490962140805468171\•bot•_2026-05-02.json
[2026-05-22 16:37:35] Saved F:\Ragi\Discos\data\discord_exports\1490962140805468171\•bot•_2026-05-03.json
[2026-05-22 16:37:35] Saved F:\Ragi\Discos\data\discord_exports\1490962140805468171\•bot•_2026-05-04.json
[2026-05-22 16:37:35] ==================================================
[2026-05-22 16:37:35] SERVER: Andheri Mehfil | Hangout . Chill . VC . Gaming . Friendly . Community . Peaceful . Cozy
[2026-05-22 16:37:35] ==================================================
[2026-05-22 16:37:35] Exporting #⋆˚꒰staff-chat꒱⭐
[2026-05-22 16:37:36] No access #⋆˚꒰staff-chat꒱⭐
[2026-05-22 16:37:36] Exporting #⋆˚꒰wick-log꒱🔨
[2026-05-22 16:37:36] No access #⋆˚꒰wick-log꒱🔨
[2026-05-22 16:37:36] Exporting #⋆˚꒰mod-log꒱🔨
[2026-05-22 16:37:37] No access #⋆˚꒰mod-log꒱🔨
[2026-05-22 16:37:37] Exporting #﹒→﹒announcements﹔-ᐢᐢ﹒📢
[2026-05-22 16:37:38] Saved F:\Ragi\Discos\data\discord_exports\1504432371124932670\﹒→﹒announcements﹔-ᐢᐢ﹒📢_2026-05-16.json
[2026-05-22 16:37:38] Exporting #﹒→﹒roles﹔-ᐢᐢ﹒🍚
[2026-05-22 16:37:39] Saved F:\Ragi\Discos\data\discord_exports\1504432371124932670\﹒→﹒roles﹔-ᐢᐢ﹒🍚_2026-05-16.json
[2026-05-22 16:37:39] Exporting #﹒→﹒levels﹔-ᐢᐢ﹒🌠
[2026-05-22 16:37:41] Saved F:\Ragi\Discos\data\discord_exports\1504432371124932670\﹒→﹒levels﹔-ᐢᐢ﹒🌠_2026-05-15.json
[2026-05-22 16:37:41] Saved F:\Ragi\Discos\data\discord_exports\1504432371124932670\﹒→﹒levels﹔-ᐢᐢ﹒🌠_2026-05-16.json
[2026-05-22 16:37:41] Saved F:\Ragi\Discos\data\discord_exports\1504432371124932670\﹒→﹒levels﹔-ᐢᐢ﹒🌠_2026-05-18.json
[2026-05-22 16:37:41] Saved F:\Ragi\Discos\data\discord_exports\1504432371124932670\﹒→﹒levels﹔-ᐢᐢ﹒🌠_2026-05-19.json
[2026-05-22 16:37:41] Saved F:\Ragi\Discos\data\discord_exports\1504432371124932670\﹒→﹒levels﹔-ᐢᐢ﹒🌠_2026-05-20.json
[2026-05-22 16:37:41] Saved F:\Ragi\Discos\data\discord_exports\1504432371124932670\﹒→﹒levels﹔-ᐢᐢ﹒🌠_2026-05-21.json
[2026-05-22 16:37:41] Saved F:\Ragi\Discos\data\discord_exports\1504432371124932670\﹒→﹒levels﹔-ᐢᐢ﹒🌠_2026-05-22.json
[2026-05-22 16:37:41] Exporting #﹒→﹒welcome﹔-ᐢᐢ﹒🍡
[2026-05-22 16:37:43] Saved F:\Ragi\Discos\data\discord_exports\1504432371124932670\﹒→﹒welcome﹔-ᐢᐢ﹒🍡_2026-05-15.json
[2026-05-22 16:37:43] Saved F:\Ragi\Discos\data\discord_exports\1504432371124932670\﹒→﹒welcome﹔-ᐢᐢ﹒🍡_2026-05-16.json
[2026-05-22 16:37:43] Saved F:\Ragi\Discos\data\discord_exports\1504432371124932670\﹒→﹒welcome﹔-ᐢᐢ﹒🍡_2026-05-17.json
[2026-05-22 16:37:43] Saved F:\Ragi\Discos\data\discord_exports\1504432371124932670\﹒→﹒welcome﹔-ᐢᐢ﹒🍡_2026-05-18.json
[2026-05-22 16:37:43] Saved F:\Ragi\Discos\data\discord_exports\1504432371124932670\﹒→﹒welcome﹔-ᐢᐢ﹒🍡_2026-05-19.json
[2026-05-22 16:37:43] Saved F:\Ragi\Discos\data\discord_exports\1504432371124932670\﹒→﹒welcome﹔-ᐢᐢ﹒🍡_2026-05-20.json
[2026-05-22 16:37:43] Saved F:\Ragi\Discos\data\discord_exports\1504432371124932670\﹒→﹒welcome﹔-ᐢᐢ﹒🍡_2026-05-22.json
[2026-05-22 16:37:43] Exporting #﹒→﹒support﹔-ᐢᐢ﹒⚙️
[2026-05-22 16:37:44] Saved F:\Ragi\Discos\data\discord_exports\1504432371124932670\﹒→﹒support﹔-ᐢᐢ﹒⚙️_2026-05-15.json
[2026-05-22 16:37:44] Exporting #﹒→﹒rules﹔-ᐢᐢ﹒📜
[2026-05-22 16:37:45] Saved F:\Ragi\Discos\data\discord_exports\1504432371124932670\﹒→﹒rules﹔-ᐢᐢ﹒📜_2026-05-18.json
[2026-05-22 16:37:45] Exporting #⋆˚꒰general꒱🐚
[2026-05-22 16:38:23] Saved F:\Ragi\Discos\data\discord_exports\1504432371124932670\⋆˚꒰general꒱🐚_2026-05-14.json
[2026-05-22 16:38:23] Saved F:\Ragi\Discos\data\discord_exports\1504432371124932670\⋆˚꒰general꒱🐚_2026-05-15.json
[2026-05-22 16:38:23] Saved F:\Ragi\Discos\data\discord_exports\1504432371124932670\⋆˚꒰general꒱🐚_2026-05-16.json
[2026-05-22 16:38:23] Saved F:\Ragi\Discos\data\discord_exports\1504432371124932670\⋆˚꒰general꒱🐚_2026-05-17.json
[2026-05-22 16:38:23] Saved F:\Ragi\Discos\data\discord_exports\1504432371124932670\⋆˚꒰general꒱🐚_2026-05-18.json
[2026-05-22 16:38:23] Saved F:\Ragi\Discos\data\discord_exports\1504432371124932670\⋆˚꒰general꒱🐚_2026-05-19.json
[2026-05-22 16:38:23] Saved F:\Ragi\Discos\data\discord_exports\1504432371124932670\⋆˚꒰general꒱🐚_2026-05-20.json
[2026-05-22 16:38:23] Saved F:\Ragi\Discos\data\discord_exports\1504432371124932670\⋆˚꒰general꒱🐚_2026-05-21.json
[2026-05-22 16:38:23] Saved F:\Ragi\Discos\data\discord_exports\1504432371124932670\⋆˚꒰general꒱🐚_2026-05-22.json
[2026-05-22 16:38:23] Exporting #⋆˚꒰intro꒱🌸
[2026-05-22 16:38:24] Saved F:\Ragi\Discos\data\discord_exports\1504432371124932670\⋆˚꒰intro꒱🌸_2026-05-15.json
[2026-05-22 16:38:24] Saved F:\Ragi\Discos\data\discord_exports\1504432371124932670\⋆˚꒰intro꒱🌸_2026-05-16.json
[2026-05-22 16:38:24] Saved F:\Ragi\Discos\data\discord_exports\1504432371124932670\⋆˚꒰intro꒱🌸_2026-05-19.json
[2026-05-22 16:38:24] Saved F:\Ragi\Discos\data\discord_exports\1504432371124932670\⋆˚꒰intro꒱🌸_2026-05-20.json
[2026-05-22 16:38:24] Saved F:\Ragi\Discos\data\discord_exports\1504432371124932670\⋆˚꒰intro꒱🌸_2026-05-21.json
[2026-05-22 16:38:24] Saved F:\Ragi\Discos\data\discord_exports\1504432371124932670\⋆˚꒰intro꒱🌸_2026-05-22.json
[2026-05-22 16:38:24] Exporting #⋆˚꒰confessions꒱🤫
[2026-05-22 16:38:24] Saved F:\Ragi\Discos\data\discord_exports\1504432371124932670\⋆˚꒰confessions꒱🤫_2026-05-18.json
[2026-05-22 16:38:24] Saved F:\Ragi\Discos\data\discord_exports\1504432371124932670\⋆˚꒰confessions꒱🤫_2026-05-19.json
[2026-05-22 16:38:24] Saved F:\Ragi\Discos\data\discord_exports\1504432371124932670\⋆˚꒰confessions꒱🤫_2026-05-20.json
[2026-05-22 16:38:24] Exporting #⋆˚꒰caught-in-4k꒱🥶
[2026-05-22 16:38:25] Saved F:\Ragi\Discos\data\discord_exports\1504432371124932670\⋆˚꒰caught-in-4k꒱🥶_2026-05-15.json
[2026-05-22 16:38:25] Exporting #⌯⌲〔commands⚙️〕
[2026-05-22 16:38:26] Saved F:\Ragi\Discos\data\discord_exports\1504432371124932670\⌯⌲〔commands⚙️〕_2026-05-15.json
[2026-05-22 16:38:26] Saved F:\Ragi\Discos\data\discord_exports\1504432371124932670\⌯⌲〔commands⚙️〕_2026-05-16.json
[2026-05-22 16:38:26] Saved F:\Ragi\Discos\data\discord_exports\1504432371124932670\⌯⌲〔commands⚙️〕_2026-05-17.json
[2026-05-22 16:38:26] Saved F:\Ragi\Discos\data\discord_exports\1504432371124932670\⌯⌲〔commands⚙️〕_2026-05-18.json
[2026-05-22 16:38:26] Saved F:\Ragi\Discos\data\discord_exports\1504432371124932670\⌯⌲〔commands⚙️〕_2026-05-20.json
[2026-05-22 16:38:26] Saved F:\Ragi\Discos\data\discord_exports\1504432371124932670\⌯⌲〔commands⚙️〕_2026-05-21.json
[2026-05-22 16:38:26] Exporting #⌯⌲〔spam-zone🐰〕
[2026-05-22 16:38:26] Saved F:\Ragi\Discos\data\discord_exports\1504432371124932670\⌯⌲〔spam-zone🐰〕_2026-05-18.json
[2026-05-22 16:38:26] Saved F:\Ragi\Discos\data\discord_exports\1504432371124932670\⌯⌲〔spam-zone🐰〕_2026-05-20.json
[2026-05-22 16:38:26] Exporting #⌯⌲〔truth-or-dare💥〕
[2026-05-22 16:38:27] Saved F:\Ragi\Discos\data\discord_exports\1504432371124932670\⌯⌲〔truth-or-dare💥〕_2026-05-15.json
[2026-05-22 16:38:27] Saved F:\Ragi\Discos\data\discord_exports\1504432371124932670\⌯⌲〔truth-or-dare💥〕_2026-05-20.json
[2026-05-22 16:38:27] Saved F:\Ragi\Discos\data\discord_exports\1504432371124932670\⌯⌲〔truth-or-dare💥〕_2026-05-21.json
[2026-05-22 16:38:27] Exporting #⌯⌲〔garlicbot🤖〕
[2026-05-22 16:38:27] Saved F:\Ragi\Discos\data\discord_exports\1504432371124932670\⌯⌲〔garlicbot🤖〕_2026-05-15.json
[2026-05-22 16:38:27] Exporting #⌯⌲〔verification☑️〕
[2026-05-22 16:38:28] Saved F:\Ragi\Discos\data\discord_exports\1504432371124932670\⌯⌲〔verification☑️〕_2026-05-16.json
[2026-05-22 16:38:28] Exporting #•〔giveaways〕💯
[2026-05-22 16:38:29] Exporting #•〔events〕🪇
[2026-05-22 16:38:29] Exporting #~
[2026-05-22 16:38:30] Saved F:\Ragi\Discos\data\discord_exports\1504432371124932670\~_2026-05-15.json
[2026-05-22 16:38:30] Exporting #Faaaaah moments!!
[2026-05-22 16:38:30] Saved F:\Ragi\Discos\data\discord_exports\1504432371124932670\Faaaaah moments!!_2026-05-19.json
[2026-05-22 16:38:30] Exporting #Random 🤩🌸
[2026-05-22 16:38:31] Saved F:\Ragi\Discos\data\discord_exports\1504432371124932670\Random 🤩🌸_2026-05-19.json
[2026-05-22 16:38:31] Exporting #Caught sharkieeee snoring 🦈💤
[2026-05-22 16:38:31] Saved F:\Ragi\Discos\data\discord_exports\1504432371124932670\Caught sharkieeee snoring 🦈💤_2026-05-20.json
[2026-05-22 16:38:31] Exporting #Checking!!!
[2026-05-22 16:38:32] Exporting #Confession Replies (#9)
[2026-05-22 16:38:32] Saved F:\Ragi\Discos\data\discord_exports\1504432371124932670\Confession Replies (#9)_2026-05-20.json
[2026-05-22 16:38:32] Exporting #Junior queen
[2026-05-22 16:38:33] DONE
[2026-05-22 17:18:14] Logged in to Discord as TunTun#6131
[2026-05-22 17:18:14] ==================================================
[2026-05-22 17:18:14] SCRAPING SERVER: Diddy gng (ID: 1490962140805468171)
[2026-05-22 17:18:14] ==================================================
[2026-05-22 17:18:14] Exporting #color-role
[2026-05-22 17:18:15] Skipping F:\Ragi\Discos\data\discord_exports\1490962140805468171\color-role_2026-05-04.json
[2026-05-22 17:18:15] Exporting #☕•tea•
[2026-05-22 17:19:06] Skipping F:\Ragi\Discos\data\discord_exports\1490962140805468171\☕•tea•_2026-04-07.json
[2026-05-22 17:19:06] Skipping F:\Ragi\Discos\data\discord_exports\1490962140805468171\☕•tea•_2026-04-08.json
[2026-05-22 17:19:06] Skipping F:\Ragi\Discos\data\discord_exports\1490962140805468171\☕•tea•_2026-04-09.json
[2026-05-22 17:19:06] Skipping F:\Ragi\Discos\data\discord_exports\1490962140805468171\☕•tea•_2026-04-10.json
[2026-05-22 17:19:06] Skipping F:\Ragi\Discos\data\discord_exports\1490962140805468171\☕•tea•_2026-04-11.json
[2026-05-22 17:19:06] Skipping F:\Ragi\Discos\data\discord_exports\1490962140805468171\☕•tea•_2026-04-12.json
[2026-05-22 17:19:06] Skipping F:\Ragi\Discos\data\discord_exports\1490962140805468171\☕•tea•_2026-04-13.json
[2026-05-22 17:19:06] Skipping F:\Ragi\Discos\data\discord_exports\1490962140805468171\☕•tea•_2026-04-14.json
[2026-05-22 17:19:06] Skipping F:\Ragi\Discos\data\discord_exports\1490962140805468171\☕•tea•_2026-04-15.json
[2026-05-22 17:19:06] Skipping F:\Ragi\Discos\data\discord_exports\1490962140805468171\☕•tea•_2026-04-16.json
[2026-05-22 17:19:06] Skipping F:\Ragi\Discos\data\discord_exports\1490962140805468171\☕•tea•_2026-04-17.json
[2026-05-22 17:19:06] Skipping F:\Ragi\Discos\data\discord_exports\1490962140805468171\☕•tea•_2026-04-18.json
[2026-05-22 17:19:06] Skipping F:\Ragi\Discos\data\discord_exports\1490962140805468171\☕•tea•_2026-04-19.json
[2026-05-22 17:19:06] Skipping F:\Ragi\Discos\data\discord_exports\1490962140805468171\☕•tea•_2026-04-20.json
[2026-05-22 17:19:06] Skipping F:\Ragi\Discos\data\discord_exports\1490962140805468171\☕•tea•_2026-04-21.json
[2026-05-22 17:19:06] Skipping F:\Ragi\Discos\data\discord_exports\1490962140805468171\☕•tea•_2026-04-22.json
[2026-05-22 17:19:06] Skipping F:\Ragi\Discos\data\discord_exports\1490962140805468171\☕•tea•_2026-04-24.json
[2026-05-22 17:19:06] Skipping F:\Ragi\Discos\data\discord_exports\1490962140805468171\☕•tea•_2026-04-28.json
[2026-05-22 17:19:06] Skipping F:\Ragi\Discos\data\discord_exports\1490962140805468171\☕•tea•_2026-04-29.json
[2026-05-22 17:19:06] Skipping F:\Ragi\Discos\data\discord_exports\1490962140805468171\☕•tea•_2026-05-01.json
[2026-05-22 17:19:06] Skipping F:\Ragi\Discos\data\discord_exports\1490962140805468171\☕•tea•_2026-05-02.json
[2026-05-22 17:19:06] Skipping F:\Ragi\Discos\data\discord_exports\1490962140805468171\☕•tea•_2026-05-03.json
[2026-05-22 17:19:06] Skipping F:\Ragi\Discos\data\discord_exports\1490962140805468171\☕•tea•_2026-05-04.json
[2026-05-22 17:19:06] Skipping F:\Ragi\Discos\data\discord_exports\1490962140805468171\☕•tea•_2026-05-05.json
[2026-05-22 17:19:06] Skipping F:\Ragi\Discos\data\discord_exports\1490962140805468171\☕•tea•_2026-05-06.json
[2026-05-22 17:19:06] Skipping F:\Ragi\Discos\data\discord_exports\1490962140805468171\☕•tea•_2026-05-07.json
[2026-05-22 17:19:06] Skipping F:\Ragi\Discos\data\discord_exports\1490962140805468171\☕•tea•_2026-05-08.json
[2026-05-22 17:19:06] Skipping F:\Ragi\Discos\data\discord_exports\1490962140805468171\☕•tea•_2026-05-09.json
[2026-05-22 17:19:06] Skipping F:\Ragi\Discos\data\discord_exports\1490962140805468171\☕•tea•_2026-05-11.json
[2026-05-22 17:19:06] Skipping F:\Ragi\Discos\data\discord_exports\1490962140805468171\☕•tea•_2026-05-12.json
[2026-05-22 17:19:06] Skipping F:\Ragi\Discos\data\discord_exports\1490962140805468171\☕•tea•_2026-05-13.json
[2026-05-22 17:19:06] Skipping F:\Ragi\Discos\data\discord_exports\1490962140805468171\☕•tea•_2026-05-14.json
[2026-05-22 17:19:06] Skipping F:\Ragi\Discos\data\discord_exports\1490962140805468171\☕•tea•_2026-05-15.json
[2026-05-22 17:19:06] Skipping F:\Ragi\Discos\data\discord_exports\1490962140805468171\☕•tea•_2026-05-21.json
[2026-05-22 17:19:06] Skipping F:\Ragi\Discos\data\discord_exports\1490962140805468171\☕•tea•_2026-05-22.json
[2026-05-22 17:19:06] Exporting #🎮🎲•play-time•🎲🎮
[2026-05-22 17:19:07] Skipping F:\Ragi\Discos\data\discord_exports\1490962140805468171\🎮🎲•play-time•🎲🎮_2026-04-08.json
[2026-05-22 17:19:07] Skipping F:\Ragi\Discos\data\discord_exports\1490962140805468171\🎮🎲•play-time•🎲🎮_2026-04-12.json
[2026-05-22 17:19:07] Skipping F:\Ragi\Discos\data\discord_exports\1490962140805468171\🎮🎲•play-time•🎲🎮_2026-04-14.json
[2026-05-22 17:19:07] Skipping F:\Ragi\Discos\data\discord_exports\1490962140805468171\🎮🎲•play-time•🎲🎮_2026-05-06.json
[2026-05-22 17:19:07] Skipping F:\Ragi\Discos\data\discord_exports\1490962140805468171\🎮🎲•play-time•🎲🎮_2026-05-07.json
[2026-05-22 17:19:07] Exporting #•jam•🎵
[2026-05-22 17:19:07] Skipping F:\Ragi\Discos\data\discord_exports\1490962140805468171\•jam•🎵_2026-04-07.json
[2026-05-22 17:19:07] Skipping F:\Ragi\Discos\data\discord_exports\1490962140805468171\•jam•🎵_2026-04-22.json
[2026-05-22 17:19:07] Skipping F:\Ragi\Discos\data\discord_exports\1490962140805468171\•jam•🎵_2026-04-26.json
[2026-05-22 17:19:07] Skipping F:\Ragi\Discos\data\discord_exports\1490962140805468171\•jam•🎵_2026-05-04.json
[2026-05-22 17:19:07] Skipping F:\Ragi\Discos\data\discord_exports\1490962140805468171\•jam•🎵_2026-05-06.json
[2026-05-22 17:19:07] Exporting #•bot•
[2026-05-22 17:19:09] Skipping F:\Ragi\Discos\data\discord_exports\1490962140805468171\•bot•_2026-04-15.json
[2026-05-22 17:19:09] Skipping F:\Ragi\Discos\data\discord_exports\1490962140805468171\•bot•_2026-04-16.json
[2026-05-22 17:19:09] Skipping F:\Ragi\Discos\data\discord_exports\1490962140805468171\•bot•_2026-05-02.json
[2026-05-22 17:19:09] Skipping F:\Ragi\Discos\data\discord_exports\1490962140805468171\•bot•_2026-05-03.json
[2026-05-22 17:19:09] Skipping F:\Ragi\Discos\data\discord_exports\1490962140805468171\•bot•_2026-05-04.json
[2026-05-22 17:19:09] Scraper successfully finished. Processed 5 channels.
[2026-05-22 22:58:01] Logged in to Discord as TunTun#6131
[2026-05-22 22:58:01] ==================================================
[2026-05-22 22:58:01] SCRAPING SERVER: Diddy gng (ID: 1490962140805468171)
[2026-05-22 22:58:01] ==================================================
[2026-05-22 22:58:01] Exporting #color-role
[2026-05-22 22:58:01] Skipping F:\Ragi\Discos\data\discord_exports\1490962140805468171\color-role_2026-05-04.json
[2026-05-22 22:58:01] Exporting #☕•tea•
[2026-05-22 22:58:49] Skipping F:\Ragi\Discos\data\discord_exports\1490962140805468171\☕•tea•_2026-04-07.json
[2026-05-22 22:58:49] Skipping F:\Ragi\Discos\data\discord_exports\1490962140805468171\☕•tea•_2026-04-08.json
[2026-05-22 22:58:49] Skipping F:\Ragi\Discos\data\discord_exports\1490962140805468171\☕•tea•_2026-04-09.json
[2026-05-22 22:58:49] Skipping F:\Ragi\Discos\data\discord_exports\1490962140805468171\☕•tea•_2026-04-10.json
[2026-05-22 22:58:49] Skipping F:\Ragi\Discos\data\discord_exports\1490962140805468171\☕•tea•_2026-04-11.json
[2026-05-22 22:58:49] Skipping F:\Ragi\Discos\data\discord_exports\1490962140805468171\☕•tea•_2026-04-12.json
[2026-05-22 22:58:49] Skipping F:\Ragi\Discos\data\discord_exports\1490962140805468171\☕•tea•_2026-04-13.json
[2026-05-22 22:58:49] Skipping F:\Ragi\Discos\data\discord_exports\1490962140805468171\☕•tea•_2026-04-14.json
[2026-05-22 22:58:49] Skipping F:\Ragi\Discos\data\discord_exports\1490962140805468171\☕•tea•_2026-04-15.json
[2026-05-22 22:58:49] Skipping F:\Ragi\Discos\data\discord_exports\1490962140805468171\☕•tea•_2026-04-16.json
[2026-05-22 22:58:49] Skipping F:\Ragi\Discos\data\discord_exports\1490962140805468171\☕•tea•_2026-04-17.json
[2026-05-22 22:58:49] Skipping F:\Ragi\Discos\data\discord_exports\1490962140805468171\☕•tea•_2026-04-18.json
[2026-05-22 22:58:49] Skipping F:\Ragi\Discos\data\discord_exports\1490962140805468171\☕•tea•_2026-04-19.json
[2026-05-22 22:58:49] Skipping F:\Ragi\Discos\data\discord_exports\1490962140805468171\☕•tea•_2026-04-20.json
[2026-05-22 22:58:49] Skipping F:\Ragi\Discos\data\discord_exports\1490962140805468171\☕•tea•_2026-04-21.json
[2026-05-22 22:58:49] Skipping F:\Ragi\Discos\data\discord_exports\1490962140805468171\☕•tea•_2026-04-22.json
[2026-05-22 22:58:49] Skipping F:\Ragi\Discos\data\discord_exports\1490962140805468171\☕•tea•_2026-04-24.json
[2026-05-22 22:58:49] Skipping F:\Ragi\Discos\data\discord_exports\1490962140805468171\☕•tea•_2026-04-28.json
[2026-05-22 22:58:49] Skipping F:\Ragi\Discos\data\discord_exports\1490962140805468171\☕•tea•_2026-04-29.json
[2026-05-22 22:58:49] Skipping F:\Ragi\Discos\data\discord_exports\1490962140805468171\☕•tea•_2026-05-01.json
[2026-05-22 22:58:49] Skipping F:\Ragi\Discos\data\discord_exports\1490962140805468171\☕•tea•_2026-05-02.json
[2026-05-22 22:58:49] Skipping F:\Ragi\Discos\data\discord_exports\1490962140805468171\☕•tea•_2026-05-03.json
[2026-05-22 22:58:49] Skipping F:\Ragi\Discos\data\discord_exports\1490962140805468171\☕•tea•_2026-05-04.json
[2026-05-22 22:58:49] Skipping F:\Ragi\Discos\data\discord_exports\1490962140805468171\☕•tea•_2026-05-05.json
[2026-05-22 22:58:49] Skipping F:\Ragi\Discos\data\discord_exports\1490962140805468171\☕•tea•_2026-05-06.json
[2026-05-22 22:58:49] Skipping F:\Ragi\Discos\data\discord_exports\1490962140805468171\☕•tea•_2026-05-07.json
[2026-05-22 22:58:49] Skipping F:\Ragi\Discos\data\discord_exports\1490962140805468171\☕•tea•_2026-05-08.json
[2026-05-22 22:58:49] Skipping F:\Ragi\Discos\data\discord_exports\1490962140805468171\☕•tea•_2026-05-09.json
[2026-05-22 22:58:49] Skipping F:\Ragi\Discos\data\discord_exports\1490962140805468171\☕•tea•_2026-05-11.json
[2026-05-22 22:58:49] Skipping F:\Ragi\Discos\data\discord_exports\1490962140805468171\☕•tea•_2026-05-12.json
[2026-05-22 22:58:49] Skipping F:\Ragi\Discos\data\discord_exports\1490962140805468171\☕•tea•_2026-05-13.json
[2026-05-22 22:58:49] Skipping F:\Ragi\Discos\data\discord_exports\1490962140805468171\☕•tea•_2026-05-14.json
[2026-05-22 22:58:49] Skipping F:\Ragi\Discos\data\discord_exports\1490962140805468171\☕•tea•_2026-05-15.json
[2026-05-22 22:58:49] Skipping F:\Ragi\Discos\data\discord_exports\1490962140805468171\☕•tea•_2026-05-21.json
[2026-05-22 22:58:49] Skipping F:\Ragi\Discos\data\discord_exports\1490962140805468171\☕•tea•_2026-05-22.json
[2026-05-22 22:58:49] Exporting #🎮🎲•play-time•🎲🎮
[2026-05-22 22:58:50] Skipping F:\Ragi\Discos\data\discord_exports\1490962140805468171\🎮🎲•play-time•🎲🎮_2026-04-08.json
[2026-05-22 22:58:50] Skipping F:\Ragi\Discos\data\discord_exports\1490962140805468171\🎮🎲•play-time•🎲🎮_2026-04-12.json
[2026-05-22 22:58:50] Skipping F:\Ragi\Discos\data\discord_exports\1490962140805468171\🎮🎲•play-time•🎲🎮_2026-04-14.json
[2026-05-22 22:58:50] Skipping F:\Ragi\Discos\data\discord_exports\1490962140805468171\🎮🎲•play-time•🎲🎮_2026-05-06.json
[2026-05-22 22:58:50] Skipping F:\Ragi\Discos\data\discord_exports\1490962140805468171\🎮🎲•play-time•🎲🎮_2026-05-07.json
[2026-05-22 22:58:50] Exporting #•jam•🎵
[2026-05-22 22:58:51] Skipping F:\Ragi\Discos\data\discord_exports\1490962140805468171\•jam•🎵_2026-04-07.json
[2026-05-22 22:58:51] Skipping F:\Ragi\Discos\data\discord_exports\1490962140805468171\•jam•🎵_2026-04-22.json
[2026-05-22 22:58:51] Skipping F:\Ragi\Discos\data\discord_exports\1490962140805468171\•jam•🎵_2026-04-26.json
[2026-05-22 22:58:51] Skipping F:\Ragi\Discos\data\discord_exports\1490962140805468171\•jam•🎵_2026-05-04.json
[2026-05-22 22:58:51] Skipping F:\Ragi\Discos\data\discord_exports\1490962140805468171\•jam•🎵_2026-05-06.json
[2026-05-22 22:58:51] Exporting #•bot•
[2026-05-22 22:58:52] Skipping F:\Ragi\Discos\data\discord_exports\1490962140805468171\•bot•_2026-04-15.json
[2026-05-22 22:58:52] Skipping F:\Ragi\Discos\data\discord_exports\1490962140805468171\•bot•_2026-04-16.json
[2026-05-22 22:58:52] Skipping F:\Ragi\Discos\data\discord_exports\1490962140805468171\•bot•_2026-05-02.json
[2026-05-22 22:58:52] Skipping F:\Ragi\Discos\data\discord_exports\1490962140805468171\•bot•_2026-05-03.json
[2026-05-22 22:58:52] Skipping F:\Ragi\Discos\data\discord_exports\1490962140805468171\•bot•_2026-05-04.json
[2026-05-22 22:58:52] Scraper successfully finished. Processed 5 channels.
[2026-05-23 13:54:47] Logged in to Discord as TunTun#6131
[2026-05-23 13:54:47] ==================================================
[2026-05-23 13:54:47] SCRAPING SERVER: Diddy gng (ID: 1490962140805468171)
[2026-05-23 13:54:47] ==================================================
[2026-05-23 13:54:47] Exporting #color-role
[2026-05-23 13:54:48] Skipping F:\Ragi\Discos\scrapedData\discord_exports\1490962140805468171\color-role_2026-05-04.json
[2026-05-23 13:54:48] Exporting #☕•tea•
[2026-05-23 13:56:03] Skipping F:\Ragi\Discos\scrapedData\discord_exports\1490962140805468171\☕•tea•_2026-04-07.json
[2026-05-23 13:56:03] Skipping F:\Ragi\Discos\scrapedData\discord_exports\1490962140805468171\☕•tea•_2026-04-08.json
[2026-05-23 13:56:03] Skipping F:\Ragi\Discos\scrapedData\discord_exports\1490962140805468171\☕•tea•_2026-04-09.json
[2026-05-23 13:56:03] Skipping F:\Ragi\Discos\scrapedData\discord_exports\1490962140805468171\☕•tea•_2026-04-10.json
[2026-05-23 13:56:03] Skipping F:\Ragi\Discos\scrapedData\discord_exports\1490962140805468171\☕•tea•_2026-04-11.json
[2026-05-23 13:56:03] Skipping F:\Ragi\Discos\scrapedData\discord_exports\1490962140805468171\☕•tea•_2026-04-12.json
[2026-05-23 13:56:03] Skipping F:\Ragi\Discos\scrapedData\discord_exports\1490962140805468171\☕•tea•_2026-04-13.json
[2026-05-23 13:56:03] Skipping F:\Ragi\Discos\scrapedData\discord_exports\1490962140805468171\☕•tea•_2026-04-14.json
[2026-05-23 13:56:03] Skipping F:\Ragi\Discos\scrapedData\discord_exports\1490962140805468171\☕•tea•_2026-04-15.json
[2026-05-23 13:56:03] Skipping F:\Ragi\Discos\scrapedData\discord_exports\1490962140805468171\☕•tea•_2026-04-16.json
[2026-05-23 13:56:03] Skipping F:\Ragi\Discos\scrapedData\discord_exports\1490962140805468171\☕•tea•_2026-04-17.json
[2026-05-23 13:56:03] Skipping F:\Ragi\Discos\scrapedData\discord_exports\1490962140805468171\☕•tea•_2026-04-18.json
[2026-05-23 13:56:03] Skipping F:\Ragi\Discos\scrapedData\discord_exports\1490962140805468171\☕•tea•_2026-04-19.json
[2026-05-23 13:56:03] Skipping F:\Ragi\Discos\scrapedData\discord_exports\1490962140805468171\☕•tea•_2026-04-20.json
[2026-05-23 13:56:03] Skipping F:\Ragi\Discos\scrapedData\discord_exports\1490962140805468171\☕•tea•_2026-04-21.json
[2026-05-23 13:56:03] Skipping F:\Ragi\Discos\scrapedData\discord_exports\1490962140805468171\☕•tea•_2026-04-22.json
[2026-05-23 13:56:03] Skipping F:\Ragi\Discos\scrapedData\discord_exports\1490962140805468171\☕•tea•_2026-04-24.json
[2026-05-23 13:56:03] Skipping F:\Ragi\Discos\scrapedData\discord_exports\1490962140805468171\☕•tea•_2026-04-28.json
[2026-05-23 13:56:03] Skipping F:\Ragi\Discos\scrapedData\discord_exports\1490962140805468171\☕•tea•_2026-04-29.json
[2026-05-23 13:56:03] Skipping F:\Ragi\Discos\scrapedData\discord_exports\1490962140805468171\☕•tea•_2026-05-01.json
[2026-05-23 13:56:03] Skipping F:\Ragi\Discos\scrapedData\discord_exports\1490962140805468171\☕•tea•_2026-05-02.json
[2026-05-23 13:56:03] Skipping F:\Ragi\Discos\scrapedData\discord_exports\1490962140805468171\☕•tea•_2026-05-03.json
[2026-05-23 13:56:03] Skipping F:\Ragi\Discos\scrapedData\discord_exports\1490962140805468171\☕•tea•_2026-05-04.json
[2026-05-23 13:56:03] Skipping F:\Ragi\Discos\scrapedData\discord_exports\1490962140805468171\☕•tea•_2026-05-05.json
[2026-05-23 13:56:03] Skipping F:\Ragi\Discos\scrapedData\discord_exports\1490962140805468171\☕•tea•_2026-05-06.json
[2026-05-23 13:56:03] Skipping F:\Ragi\Discos\scrapedData\discord_exports\1490962140805468171\☕•tea•_2026-05-07.json
[2026-05-23 13:56:03] Skipping F:\Ragi\Discos\scrapedData\discord_exports\1490962140805468171\☕•tea•_2026-05-08.json
[2026-05-23 13:56:03] Skipping F:\Ragi\Discos\scrapedData\discord_exports\1490962140805468171\☕•tea•_2026-05-09.json
[2026-05-23 13:56:03] Skipping F:\Ragi\Discos\scrapedData\discord_exports\1490962140805468171\☕•tea•_2026-05-11.json
[2026-05-23 13:56:03] Skipping F:\Ragi\Discos\scrapedData\discord_exports\1490962140805468171\☕•tea•_2026-05-12.json
[2026-05-23 13:56:03] Skipping F:\Ragi\Discos\scrapedData\discord_exports\1490962140805468171\☕•tea•_2026-05-13.json
[2026-05-23 13:56:03] Skipping F:\Ragi\Discos\scrapedData\discord_exports\1490962140805468171\☕•tea•_2026-05-14.json
[2026-05-23 13:56:03] Skipping F:\Ragi\Discos\scrapedData\discord_exports\1490962140805468171\☕•tea•_2026-05-15.json
[2026-05-23 13:56:03] Skipping F:\Ragi\Discos\scrapedData\discord_exports\1490962140805468171\☕•tea•_2026-05-21.json
[2026-05-23 13:56:03] Skipping F:\Ragi\Discos\scrapedData\discord_exports\1490962140805468171\☕•tea•_2026-05-22.json
[2026-05-23 13:56:03] Saved F:\Ragi\Discos\scrapedData\discord_exports\1490962140805468171\☕•tea•_2026-05-23.json
[2026-05-23 13:56:03] Exporting #🎮🎲•play-time•🎲🎮
[2026-05-23 13:56:06] Skipping F:\Ragi\Discos\scrapedData\discord_exports\1490962140805468171\🎮🎲•play-time•🎲🎮_2026-04-08.json
[2026-05-23 13:56:06] Skipping F:\Ragi\Discos\scrapedData\discord_exports\1490962140805468171\🎮🎲•play-time•🎲🎮_2026-04-12.json
[2026-05-23 13:56:06] Skipping F:\Ragi\Discos\scrapedData\discord_exports\1490962140805468171\🎮🎲•play-time•🎲🎮_2026-04-14.json
[2026-05-23 13:56:06] Skipping F:\Ragi\Discos\scrapedData\discord_exports\1490962140805468171\🎮🎲•play-time•🎲🎮_2026-05-06.json
[2026-05-23 13:56:06] Skipping F:\Ragi\Discos\scrapedData\discord_exports\1490962140805468171\🎮🎲•play-time•🎲🎮_2026-05-07.json
[2026-05-23 13:56:06] Exporting #•jam•🎵
[2026-05-23 13:56:07] Skipping F:\Ragi\Discos\scrapedData\discord_exports\1490962140805468171\•jam•🎵_2026-04-07.json
[2026-05-23 13:56:07] Skipping F:\Ragi\Discos\scrapedData\discord_exports\1490962140805468171\•jam•🎵_2026-04-22.json
[2026-05-23 13:56:07] Skipping F:\Ragi\Discos\scrapedData\discord_exports\1490962140805468171\•jam•🎵_2026-04-26.json
[2026-05-23 13:56:07] Skipping F:\Ragi\Discos\scrapedData\discord_exports\1490962140805468171\•jam•🎵_2026-05-04.json
[2026-05-23 13:56:07] Skipping F:\Ragi\Discos\scrapedData\discord_exports\1490962140805468171\•jam•🎵_2026-05-06.json
[2026-05-23 13:56:07] Exporting #•bot•
[2026-05-23 13:56:10] Skipping F:\Ragi\Discos\scrapedData\discord_exports\1490962140805468171\•bot•_2026-04-15.json
[2026-05-23 13:56:10] Skipping F:\Ragi\Discos\scrapedData\discord_exports\1490962140805468171\•bot•_2026-04-16.json
[2026-05-23 13:56:10] Skipping F:\Ragi\Discos\scrapedData\discord_exports\1490962140805468171\•bot•_2026-05-02.json
[2026-05-23 13:56:10] Skipping F:\Ragi\Discos\scrapedData\discord_exports\1490962140805468171\•bot•_2026-05-03.json
[2026-05-23 13:56:10] Skipping F:\Ragi\Discos\scrapedData\discord_exports\1490962140805468171\•bot•_2026-05-04.json
[2026-05-23 13:56:10] Scraper successfully finished. Processed 5 channels.
[2026-05-23 19:18:26] Logged in to Discord as TunTun#6131
[2026-05-23 19:18:26] ==================================================
[2026-05-23 19:18:26] SCRAPING SERVER: Diddy gng (ID: 1490962140805468171)
[2026-05-23 19:18:26] ==================================================
[2026-05-23 19:18:26] Exporting #color-role
[2026-05-23 19:18:26] Skipping F:\Ragi\Discos\scrapedData\discord_exports\1490962140805468171\color-role_2026-05-04.json
[2026-05-23 19:18:26] Exporting #☕•tea•
[2026-05-23 19:19:42] Skipping F:\Ragi\Discos\scrapedData\discord_exports\1490962140805468171\☕•tea•_2026-04-07.json
[2026-05-23 19:19:42] Skipping F:\Ragi\Discos\scrapedData\discord_exports\1490962140805468171\☕•tea•_2026-04-08.json
[2026-05-23 19:19:42] Skipping F:\Ragi\Discos\scrapedData\discord_exports\1490962140805468171\☕•tea•_2026-04-09.json
[2026-05-23 19:19:42] Skipping F:\Ragi\Discos\scrapedData\discord_exports\1490962140805468171\☕•tea•_2026-04-10.json
[2026-05-23 19:19:42] Skipping F:\Ragi\Discos\scrapedData\discord_exports\1490962140805468171\☕•tea•_2026-04-11.json
[2026-05-23 19:19:42] Skipping F:\Ragi\Discos\scrapedData\discord_exports\1490962140805468171\☕•tea•_2026-04-12.json
[2026-05-23 19:19:42] Skipping F:\Ragi\Discos\scrapedData\discord_exports\1490962140805468171\☕•tea•_2026-04-13.json
[2026-05-23 19:19:42] Skipping F:\Ragi\Discos\scrapedData\discord_exports\1490962140805468171\☕•tea•_2026-04-14.json
[2026-05-23 19:19:42] Skipping F:\Ragi\Discos\scrapedData\discord_exports\1490962140805468171\☕•tea•_2026-04-15.json
[2026-05-23 19:19:42] Skipping F:\Ragi\Discos\scrapedData\discord_exports\1490962140805468171\☕•tea•_2026-04-16.json
[2026-05-23 19:19:42] Skipping F:\Ragi\Discos\scrapedData\discord_exports\1490962140805468171\☕•tea•_2026-04-17.json
[2026-05-23 19:19:42] Skipping F:\Ragi\Discos\scrapedData\discord_exports\1490962140805468171\☕•tea•_2026-04-18.json
[2026-05-23 19:19:42] Skipping F:\Ragi\Discos\scrapedData\discord_exports\1490962140805468171\☕•tea•_2026-04-19.json
[2026-05-23 19:19:42] Skipping F:\Ragi\Discos\scrapedData\discord_exports\1490962140805468171\☕•tea•_2026-04-20.json
[2026-05-23 19:19:42] Skipping F:\Ragi\Discos\scrapedData\discord_exports\1490962140805468171\☕•tea•_2026-04-21.json
[2026-05-23 19:19:42] Skipping F:\Ragi\Discos\scrapedData\discord_exports\1490962140805468171\☕•tea•_2026-04-22.json
[2026-05-23 19:19:42] Skipping F:\Ragi\Discos\scrapedData\discord_exports\1490962140805468171\☕•tea•_2026-04-24.json
[2026-05-23 19:19:42] Skipping F:\Ragi\Discos\scrapedData\discord_exports\1490962140805468171\☕•tea•_2026-04-28.json
[2026-05-23 19:19:42] Skipping F:\Ragi\Discos\scrapedData\discord_exports\1490962140805468171\☕•tea•_2026-04-29.json
[2026-05-23 19:19:42] Skipping F:\Ragi\Discos\scrapedData\discord_exports\1490962140805468171\☕•tea•_2026-05-01.json
[2026-05-23 19:19:42] Skipping F:\Ragi\Discos\scrapedData\discord_exports\1490962140805468171\☕•tea•_2026-05-02.json
[2026-05-23 19:19:42] Skipping F:\Ragi\Discos\scrapedData\discord_exports\1490962140805468171\☕•tea•_2026-05-03.json
[2026-05-23 19:19:42] Skipping F:\Ragi\Discos\scrapedData\discord_exports\1490962140805468171\☕•tea•_2026-05-04.json
[2026-05-23 19:19:42] Skipping F:\Ragi\Discos\scrapedData\discord_exports\1490962140805468171\☕•tea•_2026-05-05.json
[2026-05-23 19:19:42] Skipping F:\Ragi\Discos\scrapedData\discord_exports\1490962140805468171\☕•tea•_2026-05-06.json
[2026-05-23 19:19:42] Skipping F:\Ragi\Discos\scrapedData\discord_exports\1490962140805468171\☕•tea•_2026-05-07.json
[2026-05-23 19:19:42] Skipping F:\Ragi\Discos\scrapedData\discord_exports\1490962140805468171\☕•tea•_2026-05-08.json
[2026-05-23 19:19:42] Skipping F:\Ragi\Discos\scrapedData\discord_exports\1490962140805468171\☕•tea•_2026-05-09.json
[2026-05-23 19:19:42] Skipping F:\Ragi\Discos\scrapedData\discord_exports\1490962140805468171\☕•tea•_2026-05-11.json
[2026-05-23 19:19:42] Skipping F:\Ragi\Discos\scrapedData\discord_exports\1490962140805468171\☕•tea•_2026-05-12.json
[2026-05-23 19:19:42] Skipping F:\Ragi\Discos\scrapedData\discord_exports\1490962140805468171\☕•tea•_2026-05-13.json
[2026-05-23 19:19:42] Skipping F:\Ragi\Discos\scrapedData\discord_exports\1490962140805468171\☕•tea•_2026-05-14.json
[2026-05-23 19:19:42] Skipping F:\Ragi\Discos\scrapedData\discord_exports\1490962140805468171\☕•tea•_2026-05-15.json
[2026-05-23 19:19:42] Skipping F:\Ragi\Discos\scrapedData\discord_exports\1490962140805468171\☕•tea•_2026-05-21.json
[2026-05-23 19:19:42] Skipping F:\Ragi\Discos\scrapedData\discord_exports\1490962140805468171\☕•tea•_2026-05-22.json
[2026-05-23 19:19:42] Skipping F:\Ragi\Discos\scrapedData\discord_exports\1490962140805468171\☕•tea•_2026-05-23.json
[2026-05-23 19:19:42] Exporting #🎮🎲•play-time•🎲🎮
[2026-05-23 19:19:43] Skipping F:\Ragi\Discos\scrapedData\discord_exports\1490962140805468171\🎮🎲•play-time•🎲🎮_2026-04-08.json
[2026-05-23 19:19:43] Skipping F:\Ragi\Discos\scrapedData\discord_exports\1490962140805468171\🎮🎲•play-time•🎲🎮_2026-04-12.json
[2026-05-23 19:19:43] Skipping F:\Ragi\Discos\scrapedData\discord_exports\1490962140805468171\🎮🎲•play-time•🎲🎮_2026-04-14.json
[2026-05-23 19:19:43] Skipping F:\Ragi\Discos\scrapedData\discord_exports\1490962140805468171\🎮🎲•play-time•🎲🎮_2026-05-06.json
[2026-05-23 19:19:43] Skipping F:\Ragi\Discos\scrapedData\discord_exports\1490962140805468171\🎮🎲•play-time•🎲🎮_2026-05-07.json
[2026-05-23 19:19:43] Exporting #•jam•🎵
[2026-05-23 19:19:44] Skipping F:\Ragi\Discos\scrapedData\discord_exports\1490962140805468171\•jam•🎵_2026-04-07.json
[2026-05-23 19:19:44] Skipping F:\Ragi\Discos\scrapedData\discord_exports\1490962140805468171\•jam•🎵_2026-04-22.json
[2026-05-23 19:19:44] Skipping F:\Ragi\Discos\scrapedData\discord_exports\1490962140805468171\•jam•🎵_2026-04-26.json
[2026-05-23 19:19:44] Skipping F:\Ragi\Discos\scrapedData\discord_exports\1490962140805468171\•jam•🎵_2026-05-04.json
[2026-05-23 19:19:44] Skipping F:\Ragi\Discos\scrapedData\discord_exports\1490962140805468171\•jam•🎵_2026-05-06.json
[2026-05-23 19:19:44] Exporting #•bot•
[2026-05-23 19:19:46] Skipping F:\Ragi\Discos\scrapedData\discord_exports\1490962140805468171\•bot•_2026-04-15.json
[2026-05-23 19:19:46] Skipping F:\Ragi\Discos\scrapedData\discord_exports\1490962140805468171\•bot•_2026-04-16.json
[2026-05-23 19:19:46] Skipping F:\Ragi\Discos\scrapedData\discord_exports\1490962140805468171\•bot•_2026-05-02.json
[2026-05-23 19:19:46] Skipping F:\Ragi\Discos\scrapedData\discord_exports\1490962140805468171\•bot•_2026-05-03.json
[2026-05-23 19:19:46] Skipping F:\Ragi\Discos\scrapedData\discord_exports\1490962140805468171\•bot•_2026-05-04.json
[2026-05-23 19:19:46] Scraper successfully finished. Processed 5 channels.
[2026-05-23 21:23:17] Logged in to Discord as TunTun#6131
[2026-05-23 21:23:17] ==================================================
[2026-05-23 21:23:17] SCRAPING SERVER: Diddy gng (ID: 1490962140805468171)
[2026-05-23 21:23:17] ==================================================
[2026-05-23 21:23:17] Exporting #color-role
[2026-05-23 21:23:17] Saved discord_exports/1490962140805468171/color-role_2026-05-04.json to object store
[2026-05-23 21:23:17] Exporting #☕•tea•
[2026-05-23 21:24:06] Saved discord_exports/1490962140805468171/☕•tea•_2026-04-07.json to object store
[2026-05-23 21:24:06] Saved discord_exports/1490962140805468171/☕•tea•_2026-04-08.json to object store
[2026-05-23 21:24:06] Saved discord_exports/1490962140805468171/☕•tea•_2026-04-09.json to object store
[2026-05-23 21:24:06] Saved discord_exports/1490962140805468171/☕•tea•_2026-04-10.json to object store
[2026-05-23 21:24:06] Saved discord_exports/1490962140805468171/☕•tea•_2026-04-11.json to object store
[2026-05-23 21:24:06] Saved discord_exports/1490962140805468171/☕•tea•_2026-04-12.json to object store
[2026-05-23 21:24:06] Saved discord_exports/1490962140805468171/☕•tea•_2026-04-13.json to object store
[2026-05-23 21:24:06] Saved discord_exports/1490962140805468171/☕•tea•_2026-04-14.json to object store
[2026-05-23 21:24:06] Saved discord_exports/1490962140805468171/☕•tea•_2026-04-15.json to object store
[2026-05-23 21:24:06] Saved discord_exports/1490962140805468171/☕•tea•_2026-04-16.json to object store
[2026-05-23 21:24:06] Saved discord_exports/1490962140805468171/☕•tea•_2026-04-17.json to object store
[2026-05-23 21:24:06] Saved discord_exports/1490962140805468171/☕•tea•_2026-04-18.json to object store
[2026-05-23 21:24:06] Saved discord_exports/1490962140805468171/☕•tea•_2026-04-19.json to object store
[2026-05-23 21:24:06] Saved discord_exports/1490962140805468171/☕•tea•_2026-04-20.json to object store
[2026-05-23 21:24:07] Saved discord_exports/1490962140805468171/☕•tea•_2026-04-21.json to object store
[2026-05-23 21:24:07] Saved discord_exports/1490962140805468171/☕•tea•_2026-04-22.json to object store
[2026-05-23 21:24:07] Saved discord_exports/1490962140805468171/☕•tea•_2026-04-24.json to object store
[2026-05-23 21:24:07] Saved discord_exports/1490962140805468171/☕•tea•_2026-04-28.json to object store
[2026-05-23 21:24:07] Saved discord_exports/1490962140805468171/☕•tea•_2026-04-29.json to object store
[2026-05-23 21:24:07] Saved discord_exports/1490962140805468171/☕•tea•_2026-05-01.json to object store
[2026-05-23 21:24:07] Saved discord_exports/1490962140805468171/☕•tea•_2026-05-02.json to object store
[2026-05-23 21:24:07] Saved discord_exports/1490962140805468171/☕•tea•_2026-05-03.json to object store
[2026-05-23 21:24:07] Saved discord_exports/1490962140805468171/☕•tea•_2026-05-04.json to object store
[2026-05-23 21:24:07] Saved discord_exports/1490962140805468171/☕•tea•_2026-05-05.json to object store
[2026-05-23 21:24:07] Saved discord_exports/1490962140805468171/☕•tea•_2026-05-06.json to object store
[2026-05-23 21:24:07] Saved discord_exports/1490962140805468171/☕•tea•_2026-05-07.json to object store
[2026-05-23 21:24:07] Saved discord_exports/1490962140805468171/☕•tea•_2026-05-08.json to object store
[2026-05-23 21:24:07] Saved discord_exports/1490962140805468171/☕•tea•_2026-05-09.json to object store
[2026-05-23 21:24:07] Saved discord_exports/1490962140805468171/☕•tea•_2026-05-11.json to object store
[2026-05-23 21:24:07] Saved discord_exports/1490962140805468171/☕•tea•_2026-05-12.json to object store
[2026-05-23 21:24:07] Saved discord_exports/1490962140805468171/☕•tea•_2026-05-13.json to object store
[2026-05-23 21:24:07] Saved discord_exports/1490962140805468171/☕•tea•_2026-05-14.json to object store
[2026-05-23 21:24:07] Saved discord_exports/1490962140805468171/☕•tea•_2026-05-15.json to object store
[2026-05-23 21:24:07] Saved discord_exports/1490962140805468171/☕•tea•_2026-05-21.json to object store
[2026-05-23 21:24:07] Saved discord_exports/1490962140805468171/☕•tea•_2026-05-22.json to object store
[2026-05-23 21:24:07] Saved discord_exports/1490962140805468171/☕•tea•_2026-05-23.json to object store
[2026-05-23 21:24:07] Exporting #🎮🎲•play-time•🎲🎮
[2026-05-23 21:24:08] Saved discord_exports/1490962140805468171/🎮🎲•play-time•🎲🎮_2026-04-08.json to object store
[2026-05-23 21:24:08] Saved discord_exports/1490962140805468171/🎮🎲•play-time•🎲🎮_2026-04-12.json to object store
[2026-05-23 21:24:08] Saved discord_exports/1490962140805468171/🎮🎲•play-time•🎲🎮_2026-04-14.json to object store
[2026-05-23 21:24:08] Saved discord_exports/1490962140805468171/🎮🎲•play-time•🎲🎮_2026-05-06.json to object store
[2026-05-23 21:24:08] Saved discord_exports/1490962140805468171/🎮🎲•play-time•🎲🎮_2026-05-07.json to object store
[2026-05-23 21:24:08] Exporting #•jam•🎵
[2026-05-23 21:24:09] Saved discord_exports/1490962140805468171/•jam•🎵_2026-04-07.json to object store
[2026-05-23 21:24:09] Saved discord_exports/1490962140805468171/•jam•🎵_2026-04-22.json to object store
[2026-05-23 21:24:09] Saved discord_exports/1490962140805468171/•jam•🎵_2026-04-26.json to object store
[2026-05-23 21:24:09] Saved discord_exports/1490962140805468171/•jam•🎵_2026-05-04.json to object store
[2026-05-23 21:24:09] Saved discord_exports/1490962140805468171/•jam•🎵_2026-05-06.json to object store
[2026-05-23 21:24:09] Exporting #•bot•
[2026-05-23 21:24:12] Saved discord_exports/1490962140805468171/•bot•_2026-04-15.json to object store
[2026-05-23 21:24:12] Saved discord_exports/1490962140805468171/•bot•_2026-04-16.json to object store
[2026-05-23 21:24:12] Saved discord_exports/1490962140805468171/•bot•_2026-05-02.json to object store
[2026-05-23 21:24:12] Saved discord_exports/1490962140805468171/•bot•_2026-05-03.json to object store
[2026-05-23 21:24:12] Saved discord_exports/1490962140805468171/•bot•_2026-05-04.json to object store
[2026-05-23 21:24:12] Scraper successfully finished. Processed 5 channels.
[2026-05-23 22:21:50] Logged in to Discord as TunTun#6131
[2026-05-23 22:21:50] ==================================================
[2026-05-23 22:21:50] SCRAPING SERVER: Diddy gng (ID: 1490962140805468171)
[2026-05-23 22:21:50] ==================================================
[2026-05-23 22:21:50] Exporting #color-role
[2026-05-23 22:21:51] Skipping discord_exports/1490962140805468171/color-role_2026-05-04.json
[2026-05-23 22:21:51] Exporting #☕•tea•
[2026-05-23 22:22:41] Skipping discord_exports/1490962140805468171/☕•tea•_2026-04-07.json
[2026-05-23 22:22:41] Skipping discord_exports/1490962140805468171/☕•tea•_2026-04-08.json
[2026-05-23 22:22:41] Skipping discord_exports/1490962140805468171/☕•tea•_2026-04-09.json
[2026-05-23 22:22:41] Skipping discord_exports/1490962140805468171/☕•tea•_2026-04-10.json
[2026-05-23 22:22:41] Skipping discord_exports/1490962140805468171/☕•tea•_2026-04-11.json
[2026-05-23 22:22:41] Skipping discord_exports/1490962140805468171/☕•tea•_2026-04-12.json
[2026-05-23 22:22:41] Skipping discord_exports/1490962140805468171/☕•tea•_2026-04-13.json
[2026-05-23 22:22:41] Skipping discord_exports/1490962140805468171/☕•tea•_2026-04-14.json
[2026-05-23 22:22:41] Skipping discord_exports/1490962140805468171/☕•tea•_2026-04-15.json
[2026-05-23 22:22:41] Skipping discord_exports/1490962140805468171/☕•tea•_2026-04-16.json
[2026-05-23 22:22:41] Skipping discord_exports/1490962140805468171/☕•tea•_2026-04-17.json
[2026-05-23 22:22:41] Skipping discord_exports/1490962140805468171/☕•tea•_2026-04-18.json
[2026-05-23 22:22:41] Skipping discord_exports/1490962140805468171/☕•tea•_2026-04-19.json
[2026-05-23 22:22:41] Skipping discord_exports/1490962140805468171/☕•tea•_2026-04-20.json
[2026-05-23 22:22:41] Skipping discord_exports/1490962140805468171/☕•tea•_2026-04-21.json
[2026-05-23 22:22:41] Skipping discord_exports/1490962140805468171/☕•tea•_2026-04-22.json
[2026-05-23 22:22:41] Skipping discord_exports/1490962140805468171/☕•tea•_2026-04-24.json
[2026-05-23 22:22:41] Skipping discord_exports/1490962140805468171/☕•tea•_2026-04-28.json
[2026-05-23 22:22:41] Skipping discord_exports/1490962140805468171/☕•tea•_2026-04-29.json
[2026-05-23 22:22:41] Skipping discord_exports/1490962140805468171/☕•tea•_2026-05-01.json
[2026-05-23 22:22:41] Skipping discord_exports/1490962140805468171/☕•tea•_2026-05-02.json
[2026-05-23 22:22:41] Skipping discord_exports/1490962140805468171/☕•tea•_2026-05-03.json
[2026-05-23 22:22:41] Skipping discord_exports/1490962140805468171/☕•tea•_2026-05-04.json
[2026-05-23 22:22:41] Skipping discord_exports/1490962140805468171/☕•tea•_2026-05-05.json
[2026-05-23 22:22:41] Skipping discord_exports/1490962140805468171/☕•tea•_2026-05-06.json
[2026-05-23 22:22:41] Skipping discord_exports/1490962140805468171/☕•tea•_2026-05-07.json
[2026-05-23 22:22:41] Skipping discord_exports/1490962140805468171/☕•tea•_2026-05-08.json
[2026-05-23 22:22:41] Skipping discord_exports/1490962140805468171/☕•tea•_2026-05-09.json
[2026-05-23 22:22:41] Skipping discord_exports/1490962140805468171/☕•tea•_2026-05-11.json
[2026-05-23 22:22:41] Skipping discord_exports/1490962140805468171/☕•tea•_2026-05-12.json
[2026-05-23 22:22:41] Skipping discord_exports/1490962140805468171/☕•tea•_2026-05-13.json
[2026-05-23 22:22:41] Skipping discord_exports/1490962140805468171/☕•tea•_2026-05-14.json
[2026-05-23 22:22:41] Skipping discord_exports/1490962140805468171/☕•tea•_2026-05-15.json
[2026-05-23 22:22:41] Skipping discord_exports/1490962140805468171/☕•tea•_2026-05-21.json
[2026-05-23 22:22:41] Skipping discord_exports/1490962140805468171/☕•tea•_2026-05-22.json
[2026-05-23 22:22:41] Skipping discord_exports/1490962140805468171/☕•tea•_2026-05-23.json
[2026-05-23 22:22:41] Exporting #🎮🎲•play-time•🎲🎮
[2026-05-23 22:22:42] Skipping discord_exports/1490962140805468171/🎮🎲•play-time•🎲🎮_2026-04-08.json
[2026-05-23 22:22:42] Skipping discord_exports/1490962140805468171/🎮🎲•play-time•🎲🎮_2026-04-12.json
[2026-05-23 22:22:42] Skipping discord_exports/1490962140805468171/🎮🎲•play-time•🎲🎮_2026-04-14.json
[2026-05-23 22:22:42] Skipping discord_exports/1490962140805468171/🎮🎲•play-time•🎲🎮_2026-05-06.json
[2026-05-23 22:22:42] Skipping discord_exports/1490962140805468171/🎮🎲•play-time•🎲🎮_2026-05-07.json
[2026-05-23 22:22:42] Exporting #•jam•🎵
[2026-05-23 22:22:43] Skipping discord_exports/1490962140805468171/•jam•🎵_2026-04-07.json
[2026-05-23 22:22:43] Skipping discord_exports/1490962140805468171/•jam•🎵_2026-04-22.json
[2026-05-23 22:22:43] Skipping discord_exports/1490962140805468171/•jam•🎵_2026-04-26.json
[2026-05-23 22:22:43] Skipping discord_exports/1490962140805468171/•jam•🎵_2026-05-04.json
[2026-05-23 22:22:43] Skipping discord_exports/1490962140805468171/•jam•🎵_2026-05-06.json
[2026-05-23 22:22:43] Exporting #•bot•
[2026-05-23 22:22:46] Skipping discord_exports/1490962140805468171/•bot•_2026-04-15.json
[2026-05-23 22:22:46] Skipping discord_exports/1490962140805468171/•bot•_2026-04-16.json
[2026-05-23 22:22:46] Skipping discord_exports/1490962140805468171/•bot•_2026-05-02.json
[2026-05-23 22:22:46] Skipping discord_exports/1490962140805468171/•bot•_2026-05-03.json
[2026-05-23 22:22:46] Skipping discord_exports/1490962140805468171/•bot•_2026-05-04.json
[2026-05-23 22:22:46] Scraper successfully finished. Processed 5 channels.
